"../../../Engine/Content/EditorResources/S_Actor.ubulk" 0
"../../../Engine/Content/EditorResources/S_Actor.uasset" 1
"../../../Engine/Content/EditorResources/S_Actor.uexp" 2
"../../../Engine/Content/EditorResources/S_BoxReflectionCapture.uasset" 3
"../../../Engine/Content/EditorResources/S_BoxReflectionCapture.uexp" 4
"../../../Engine/Content/EngineResources/DefaultTexture.ubulk" 5
"../../../Engine/Content/EngineResources/DefaultTexture.uasset" 6
"../../../Engine/Content/EngineResources/DefaultTexture.uexp" 7
"../../../Engine/Content/EngineResources/DefaultTextureCube.uasset" 8
"../../../Engine/Content/EngineResources/DefaultTextureCube.uexp" 9
"../../../Engine/Content/EngineResources/DefaultVolumeTexture2D.uasset" 10
"../../../Engine/Content/EngineResources/DefaultVolumeTexture2D.uexp" 11
"../../../Engine/Content/EngineResources/DefaultVolumeTexture.uasset" 12
"../../../Engine/Content/EngineResources/DefaultVolumeTexture.uexp" 13
"../../../Engine/Content/EditorResources/S_Trigger.ubulk" 14
"../../../Engine/Content/EditorResources/S_Trigger.uasset" 15
"../../../Engine/Content/EditorResources/S_Trigger.uexp" 16
"../../../Engine/Content/EditorResources/S_TriggerBox.uasset" 17
"../../../Engine/Content/EditorResources/S_TriggerBox.uexp" 18
"../../../Engine/Content/EditorResources/S_TriggerCapsule.uasset" 19
"../../../Engine/Content/EditorResources/S_TriggerCapsule.uexp" 20
"../../../Engine/Content/EditorResources/S_TriggerSphere.uasset" 21
"../../../Engine/Content/EditorResources/S_TriggerSphere.uexp" 22
"../../../Engine/Content/EngineMeshes/Sphere.ubulk" 23
"../../../Engine/Content/EngineMeshes/Sphere.uasset" 24
"../../../Engine/Content/EngineMeshes/Sphere.uexp" 25
"../../../Engine/Content/EngineResources/GradientTexture0.uasset" 26
"../../../Engine/Content/EngineResources/GradientTexture0.uexp" 27
"../../../Engine/Content/EngineResources/Black.uasset" 28
"../../../Engine/Content/EngineResources/Black.uexp" 29
"../../../Engine/Content/VREditor/LaserPointer/VR_LaserPower_01.ubulk" 30
"../../../Engine/Content/VREditor/LaserPointer/VR_LaserPower_01.uasset" 31
"../../../Engine/Content/VREditor/LaserPointer/VR_LaserPower_01.uexp" 32
"../../../Engine/Content/VREditor/TransformGizmo/TransformGizmoMaterial.uasset" 33
"../../../Engine/Content/VREditor/TransformGizmo/TransformGizmoMaterial.uexp" 34
"../../../Engine/Content/VREditor/TransformGizmo/TranslucentTransformGizmoMaterial.uasset" 35
"../../../Engine/Content/VREditor/TransformGizmo/TranslucentTransformGizmoMaterial.uexp" 36
"../../../Engine/Content/VREditor/TransformGizmo/PlaneTranslationHandle.ubulk" 37
"../../../Engine/Content/VREditor/TransformGizmo/PlaneTranslationHandle.uasset" 38
"../../../Engine/Content/VREditor/TransformGizmo/PlaneTranslationHandle.uexp" 39
"../../../Engine/Content/VREditor/TransformGizmo/BoundingBoxCorner.ubulk" 40
"../../../Engine/Content/VREditor/TransformGizmo/BoundingBoxCorner.uasset" 41
"../../../Engine/Content/VREditor/TransformGizmo/BoundingBoxCorner.uexp" 42
"../../../Engine/Content/VREditor/TransformGizmo/BoundingBoxEdge.ubulk" 43
"../../../Engine/Content/VREditor/TransformGizmo/BoundingBoxEdge.uasset" 44
"../../../Engine/Content/VREditor/TransformGizmo/BoundingBoxEdge.uexp" 45
"../../../Engine/Content/VREditor/TransformGizmo/Main.uasset" 46
"../../../Engine/Content/VREditor/TransformGizmo/Main.uexp" 47
"../../../Engine/Content/VREditor/TransformGizmo/Xray.uasset" 48
"../../../Engine/Content/VREditor/TransformGizmo/Xray.uexp" 49
"../../../Engine/Content/VREditor/TransformGizmo/SM_Sequencer_Node.ubulk" 50
"../../../Engine/Content/VREditor/TransformGizmo/SM_Sequencer_Node.uasset" 51
"../../../Engine/Content/VREditor/TransformGizmo/SM_Sequencer_Node.uexp" 52
"../../../Engine/Content/EditorMaterials/Camera/CineMat.uasset" 53
"../../../Engine/Content/EditorMaterials/Camera/CineMat.uexp" 54
"../../../Engine/Content/EditorMaterials/Camera/MI_CineMat_Rig.uasset" 55
"../../../Engine/Content/EditorMaterials/Camera/MI_CineMat_Rig.uexp" 56
"../../../Engine/Content/EditorMeshes/Camera/SM_CraneRig_Base.ubulk" 57
"../../../Engine/Content/EditorMeshes/Camera/SM_CraneRig_Base.uasset" 58
"../../../Engine/Content/EditorMeshes/Camera/SM_CraneRig_Base.uexp" 59
"../../../Engine/Content/EditorMeshes/Camera/SM_CraneRig_Arm.ubulk" 60
"../../../Engine/Content/EditorMeshes/Camera/SM_CraneRig_Arm.uasset" 61
"../../../Engine/Content/EditorMeshes/Camera/SM_CraneRig_Arm.uexp" 62
"../../../Engine/Content/EditorMeshes/Camera/SM_CraneRig_Mount.ubulk" 63
"../../../Engine/Content/EditorMeshes/Camera/SM_CraneRig_Mount.uasset" 64
"../../../Engine/Content/EditorMeshes/Camera/SM_CraneRig_Mount.uexp" 65
"../../../Engine/Content/EditorMeshes/Camera/SM_CraneRig_Body.ubulk" 66
"../../../Engine/Content/EditorMeshes/Camera/SM_CraneRig_Body.uasset" 67
"../../../Engine/Content/EditorMeshes/Camera/SM_CraneRig_Body.uexp" 68
"../../../Engine/Content/EditorMeshes/Camera/SM_RailRig_Track.ubulk" 69
"../../../Engine/Content/EditorMeshes/Camera/SM_RailRig_Track.uasset" 70
"../../../Engine/Content/EditorMeshes/Camera/SM_RailRig_Track.uexp" 71
"../../../Engine/Content/EditorMeshes/Camera/SM_RailRig_Mount.ubulk" 72
"../../../Engine/Content/EditorMeshes/Camera/SM_RailRig_Mount.uasset" 73
"../../../Engine/Content/EditorMeshes/Camera/SM_RailRig_Mount.uexp" 74
"../../../Engine/Content/EngineMaterials/T_Default_Material_Grid_M.ubulk" 75
"../../../Engine/Content/EngineMaterials/T_Default_Material_Grid_M.uasset" 76
"../../../Engine/Content/EngineMaterials/T_Default_Material_Grid_M.uexp" 77
"../../../Engine/Content/EngineMaterials/T_Default_Material_Grid_N.ubulk" 78
"../../../Engine/Content/EngineMaterials/T_Default_Material_Grid_N.uasset" 79
"../../../Engine/Content/EngineMaterials/T_Default_Material_Grid_N.uexp" 80
"../../../Engine/Content/Functions/Engine_MaterialFunctions01/Opacity/CameraDepthFade.uasset" 81
"../../../Engine/Content/Functions/Engine_MaterialFunctions01/Opacity/CameraDepthFade.uexp" 82
"../../../Engine/Content/EngineMaterials/WorldGridMaterial.uasset" 83
"../../../Engine/Content/EngineMaterials/WorldGridMaterial.uexp" 84
"../../../Engine/Content/ArtTools/RenderToTexture/Meshes/S_1_Unit_Plane.ubulk" 85
"../../../Engine/Content/ArtTools/RenderToTexture/Meshes/S_1_Unit_Plane.uasset" 86
"../../../Engine/Content/ArtTools/RenderToTexture/Meshes/S_1_Unit_Plane.uexp" 87
"../../../Engine/Content/EditorMaterials/ParticleSystems/PSysThumbnail_NoImage.ubulk" 88
"../../../Engine/Content/EditorMaterials/ParticleSystems/PSysThumbnail_NoImage.uasset" 89
"../../../Engine/Content/EditorMaterials/ParticleSystems/PSysThumbnail_NoImage.uexp" 90
"../../../Engine/Content/EditorMaterials/ParticleSystems/PSysThumbnail_OOD.ubulk" 91
"../../../Engine/Content/EditorMaterials/ParticleSystems/PSysThumbnail_OOD.uasset" 92
"../../../Engine/Content/EditorMaterials/ParticleSystems/PSysThumbnail_OOD.uexp" 93
"../../../Engine/Content/EditorLandscapeResources/SplineEditorMeshMat.uasset" 94
"../../../Engine/Content/EditorLandscapeResources/SplineEditorMeshMat.uexp" 95
"../../../Engine/Content/EditorLandscapeResources/SplineEditorMesh.ubulk" 96
"../../../Engine/Content/EditorLandscapeResources/SplineEditorMesh.uasset" 97
"../../../Engine/Content/EditorLandscapeResources/SplineEditorMesh.uexp" 98
"../../../Engine/Content/EditorMeshes/EditorSphere.ubulk" 99
"../../../Engine/Content/EditorMeshes/EditorSphere.uasset" 100
"../../../Engine/Content/EditorMeshes/EditorSphere.uexp" 101
"../../../Engine/Content/EditorResources/S_Solver.ubulk" 102
"../../../Engine/Content/EditorResources/S_Solver.uasset" 103
"../../../Engine/Content/EditorResources/S_Solver.uexp" 104
"../../../Engine/Plugins/Media/MediaPlate/Content/SM_MediaPlateScreen.ubulk" 105
"../../../Engine/Plugins/Media/MediaPlate/Content/SM_MediaPlateScreen.uasset" 106
"../../../Engine/Plugins/Media/MediaPlate/Content/SM_MediaPlateScreen.uexp" 107
"../../../Engine/Content/EngineMaterials/Good64x64TilingNoiseHighFreq.uasset" 108
"../../../Engine/Content/EngineMaterials/Good64x64TilingNoiseHighFreq.uexp" 109
"../../../Engine/Content/EngineMaterials/DefaultBokeh.uasset" 110
"../../../Engine/Content/EngineMaterials/DefaultBokeh.uexp" 111
"../../../Engine/Content/EngineMaterials/PreintegratedSkinBRDF.uasset" 112
"../../../Engine/Content/EngineMaterials/PreintegratedSkinBRDF.uexp" 113
"../../../Engine/Content/EngineMaterials/MiniFont.uasset" 114
"../../../Engine/Content/EngineMaterials/MiniFont.uexp" 115
"../../../Engine/Content/EngineMaterials/WeightMapPlaceholderTexture.uasset" 116
"../../../Engine/Content/EngineMaterials/WeightMapPlaceholderTexture.uexp" 117
"../../../Engine/Content/EngineMaterials/DefaultWhiteGrid.ubulk" 118
"../../../Engine/Content/EngineMaterials/DefaultWhiteGrid.uasset" 119
"../../../Engine/Content/EngineMaterials/DefaultWhiteGrid.uexp" 120
"../../../Engine/Content/Animation/DefaultRecorderBoneCompression.uasset" 121
"../../../Engine/Content/Animation/DefaultRecorderBoneCompression.uexp" 122
"../../../Engine/Content/EngineMaterials/DefaultMaterial.uasset" 123
"../../../Engine/Content/EngineMaterials/DefaultMaterial.uexp" 124
"../../../Engine/Content/BasicShapes/Sphere.ubulk" 125
"../../../Engine/Content/BasicShapes/Sphere.uasset" 126
"../../../Engine/Content/BasicShapes/Sphere.uexp" 127
"../../../Engine/Content/BasicShapes/Cylinder.ubulk" 128
"../../../Engine/Content/BasicShapes/Cylinder.uasset" 129
"../../../Engine/Content/BasicShapes/Cylinder.uexp" 130
"../../../Engine/Content/BasicShapes/Cone.ubulk" 131
"../../../Engine/Content/BasicShapes/Cone.uasset" 132
"../../../Engine/Content/BasicShapes/Cone.uexp" 133
"../../../Engine/Content/EditorLandscapeResources/DefaultAlphaTexture.uasset" 134
"../../../Engine/Content/EditorLandscapeResources/DefaultAlphaTexture.uexp" 135
"../../../Engine/Content/EditorLandscapeResources/DataLayer.uasset" 136
"../../../Engine/Content/EditorLandscapeResources/DataLayer.uexp" 137
"../../../Engine/Content/EditorMaterials/PreviewShadowIndicator.ubulk" 138
"../../../Engine/Content/EditorMaterials/PreviewShadowIndicator.uasset" 139
"../../../Engine/Content/EditorMaterials/PreviewShadowIndicator.uexp" 140
"../../../Engine/Content/EditorMaterials/PreviewShadowIndicatorMaterial.uasset" 141
"../../../Engine/Content/EditorMaterials/PreviewShadowIndicatorMaterial.uexp" 142
"../../../Engine/Content/EditorMaterials/PhAT_UnselectedMaterial.uasset" 143
"../../../Engine/Content/EditorMaterials/PhAT_UnselectedMaterial.uexp" 144
"../../../Engine/Content/EditorMaterials/PhAT_NoCollisionMaterial.uasset" 145
"../../../Engine/Content/EditorMaterials/PhAT_NoCollisionMaterial.uexp" 146
"../../../Engine/Content/Functions/Engine_MaterialFunctions02/Utility/MakeFloat4.uasset" 147
"../../../Engine/Content/Functions/Engine_MaterialFunctions02/Utility/MakeFloat4.uexp" 148
"../../../Engine/Content/Functions/Engine_MaterialFunctions02/Utility/MakeFloat3.uasset" 149
"../../../Engine/Content/Functions/Engine_MaterialFunctions02/Utility/MakeFloat3.uexp" 150
"../../../Engine/Content/Functions/Engine_MaterialFunctions02/Utility/BreakOutFloat3Components.uasset" 151
"../../../Engine/Content/Functions/Engine_MaterialFunctions02/Utility/BreakOutFloat3Components.uexp" 152
"../../../Engine/Content/EditorMaterials/WorldPartition/WorldPartitionSpatialHashGridPreviewMaterial.uasset" 153
"../../../Engine/Content/EditorMaterials/WorldPartition/WorldPartitionSpatialHashGridPreviewMaterial.uexp" 154
"../../../Engine/Content/EditorResources/S_Terrain.ubulk" 155
"../../../Engine/Content/EditorResources/S_Terrain.uasset" 156
"../../../Engine/Content/EditorResources/S_Terrain.uexp" 157
"../../../Engine/Content/EditorResources/EmptyActor.uasset" 158
"../../../Engine/Content/EditorResources/EmptyActor.uexp" 159
"../../../Engine/Content/EditorResources/BSPVertex.uasset" 160
"../../../Engine/Content/EditorResources/BSPVertex.uexp" 161
"../../../Engine/Content/EditorResources/AudioIcons/S_AudioComponent_AutoActivate.uasset" 162
"../../../Engine/Content/EditorResources/AudioIcons/S_AudioComponent_AutoActivate.uexp" 163
"../../../Engine/Content/EditorResources/SequenceRecorder/RecordingIndicator.uasset" 164
"../../../Engine/Content/EditorResources/SequenceRecorder/RecordingIndicator.uexp" 165
"../../../Engine/Content/EditorResources/SequenceRecorder/Countdown.uasset" 166
"../../../Engine/Content/EditorResources/SequenceRecorder/Countdown.uexp" 167
"../../../Engine/Content/EngineDamageTypes/DmgTypeBP_Environmental.uasset" 168
"../../../Engine/Content/EngineDamageTypes/DmgTypeBP_Environmental.uexp" 169
"../../../Engine/Content/Functions/Engine_MaterialFunctions02/Utility/CameraDirectionVector.uasset" 170
"../../../Engine/Content/Functions/Engine_MaterialFunctions02/Utility/CameraDirectionVector.uexp" 171
"../../../Engine/Content/EngineDebugMaterials/VolumeToRender.uasset" 172
"../../../Engine/Content/EngineDebugMaterials/VolumeToRender.uexp" 173
"../../../Engine/Content/EngineDebugMaterials/M_VolumeRenderSphereTracePP.uasset" 174
"../../../Engine/Content/EngineDebugMaterials/M_VolumeRenderSphereTracePP.uexp" 175
"../../../Engine/Content/EngineDebugMaterials/M_SimpleUnlitTranslucent.uasset" 176
"../../../Engine/Content/EngineDebugMaterials/M_SimpleUnlitTranslucent.uexp" 177
"../../../Engine/Content/EngineDebugMaterials/DebugMeshMaterial.uasset" 178
"../../../Engine/Content/EngineDebugMaterials/DebugMeshMaterial.uexp" 179
"../../../Engine/Content/EngineDebugMaterials/DebugEditorMaterial.uasset" 180
"../../../Engine/Content/EngineDebugMaterials/DebugEditorMaterial.uexp" 181
"../../../Engine/Content/EngineFonts/Faces/RobotoLight.uexp" 182
"../../../Engine/Content/EngineFonts/Faces/RobotoLight.uasset" 183
"../../../Engine/Content/EngineFonts/Faces/RobotoLight.ufont" 184
"../../../Engine/Content/EngineFonts/Faces/RobotoBold.uexp" 185
"../../../Engine/Content/EngineFonts/Faces/RobotoBold.uasset" 186
"../../../Engine/Content/EngineFonts/Faces/RobotoBold.ufont" 187
"../../../Engine/Content/EngineFonts/Faces/RobotoRegular.uexp" 188
"../../../Engine/Content/EngineFonts/Faces/RobotoRegular.uasset" 189
"../../../Engine/Content/EngineFonts/Faces/RobotoRegular.ufont" 190
"../../../Engine/Content/EngineFonts/Faces/DroidSansFallback.uexp" 191
"../../../Engine/Content/EngineFonts/Faces/DroidSansFallback.uasset" 192
"../../../Engine/Content/EngineFonts/Faces/DroidSansFallback.ufont" 193
"../../../Engine/Content/EngineFonts/Faces/RobotoItalic.uexp" 194
"../../../Engine/Content/EngineFonts/Faces/RobotoItalic.uasset" 195
"../../../Engine/Content/EngineFonts/Faces/RobotoItalic.ufont" 196
"../../../Engine/Content/EngineFonts/Faces/RobotoBoldItalic.uexp" 197
"../../../Engine/Content/EngineFonts/Faces/RobotoBoldItalic.uasset" 198
"../../../Engine/Content/EngineFonts/Faces/RobotoBoldItalic.ufont" 199
"../../../Engine/Content/EngineFonts/Roboto.uasset" 200
"../../../Engine/Content/EngineFonts/Roboto.uexp" 201
"../../../Engine/Content/EngineResources/WhiteSquareTexture.uasset" 202
"../../../Engine/Content/EngineResources/WhiteSquareTexture.uexp" 203
"../../../Engine/Content/EngineMaterials/Widget3DPassThrough.uasset" 204
"../../../Engine/Content/EngineMaterials/Widget3DPassThrough.uexp" 205
"../../../Engine/Content/EngineMaterials/Widget3DPassThrough_Translucent.uasset" 206
"../../../Engine/Content/EngineMaterials/Widget3DPassThrough_Translucent.uexp" 207
"../../../Engine/Content/EngineMaterials/Widget3DPassThrough_Translucent_OneSided.uasset" 208
"../../../Engine/Content/EngineMaterials/Widget3DPassThrough_Translucent_OneSided.uexp" 209
"../../../Engine/Content/EngineMaterials/Widget3DPassThrough_Opaque.uasset" 210
"../../../Engine/Content/EngineMaterials/Widget3DPassThrough_Opaque.uexp" 211
"../../../Engine/Content/EngineMaterials/Widget3DPassThrough_Opaque_OneSided.uasset" 212
"../../../Engine/Content/EngineMaterials/Widget3DPassThrough_Opaque_OneSided.uexp" 213
"../../../Engine/Content/EngineMaterials/Widget3DPassThrough_Masked_OneSided.uasset" 214
"../../../Engine/Content/EngineMaterials/Widget3DPassThrough_Masked_OneSided.uexp" 215
"../../../Engine/Content/EngineMaterials/Widget3DPassThrough_Masked.uasset" 216
"../../../Engine/Content/EngineMaterials/Widget3DPassThrough_Masked.uexp" 217
"../../../Engine/Content/EngineMaterials/STBlueNoise_vec2_128x128x64.uasset" 218
"../../../Engine/Content/EngineMaterials/STBlueNoise_vec2_128x128x64.uexp" 219
"../../../Engine/Content/EngineMaterials/STBlueNoise_scalar_128x128x64.uasset" 220
"../../../Engine/Content/EngineMaterials/STBlueNoise_scalar_128x128x64.uexp" 221
"../../../Engine/Content/EngineMaterials/RemoveSurfaceMaterial.uasset" 222
"../../../Engine/Content/EngineMaterials/RemoveSurfaceMaterial.uexp" 223
"../../../Engine/Content/EngineMaterials/DefaultCalibrationGrayscale.uasset" 224
"../../../Engine/Content/EngineMaterials/DefaultCalibrationGrayscale.uexp" 225
"../../../Engine/Content/EngineMaterials/PPM_DefaultCalibrationGrayscale.uasset" 226
"../../../Engine/Content/EngineMaterials/PPM_DefaultCalibrationGrayscale.uexp" 227
"../../../Engine/Content/EngineMaterials/DefaultCalibrationColor.uasset" 228
"../../../Engine/Content/EngineMaterials/DefaultCalibrationColor.uexp" 229
"../../../Engine/Content/EngineMaterials/PPM_DefaultCalibrationColor.uasset" 230
"../../../Engine/Content/EngineMaterials/PPM_DefaultCalibrationColor.uexp" 231
"../../../Engine/Content/Functions/Engine_MaterialFunctions02/WorldPositionOffset/CameraOffset.uasset" 232
"../../../Engine/Content/Functions/Engine_MaterialFunctions02/WorldPositionOffset/CameraOffset.uexp" 233
"../../../Engine/Content/EngineMaterials/PhAT_JointLimitMaterial.uasset" 234
"../../../Engine/Content/EngineMaterials/PhAT_JointLimitMaterial.uexp" 235
"../../../Engine/Content/EngineMaterials/InvalidLightmapSettings.ubulk" 236
"../../../Engine/Content/EngineMaterials/InvalidLightmapSettings.uasset" 237
"../../../Engine/Content/EngineMaterials/InvalidLightmapSettings.uexp" 238
"../../../Engine/Content/EngineMaterials/M_InvalidLightmapSettings.uasset" 239
"../../../Engine/Content/EngineMaterials/M_InvalidLightmapSettings.uexp" 240
"../../../Engine/Content/EngineMaterials/GizmoMaterial.uasset" 241
"../../../Engine/Content/EngineMaterials/GizmoMaterial.uexp" 242
"../../../Engine/Content/EngineMaterials/BaseFlattenEmissiveMap_VT.uasset" 243
"../../../Engine/Content/EngineMaterials/BaseFlattenEmissiveMap_VT.uexp" 244
"../../../Engine/Content/EngineMaterials/BaseFlattenGrayscaleMap_VT.uasset" 245
"../../../Engine/Content/EngineMaterials/BaseFlattenGrayscaleMap_VT.uexp" 246
"../../../Engine/Content/EngineMaterials/BaseFlattenLinearColor_VT.uasset" 247
"../../../Engine/Content/EngineMaterials/BaseFlattenLinearColor_VT.uexp" 248
"../../../Engine/Content/EngineMaterials/Black_1x1_EXR_Texture_VT.uasset" 249
"../../../Engine/Content/EngineMaterials/Black_1x1_EXR_Texture_VT.uexp" 250
"../../../Engine/Content/EngineMaterials/BaseFlattenDiffuseMap_VT.uasset" 251
"../../../Engine/Content/EngineMaterials/BaseFlattenDiffuseMap_VT.uexp" 252
"../../../Engine/Content/EngineMaterials/BaseFlattenNormalMap_VT.uasset" 253
"../../../Engine/Content/EngineMaterials/BaseFlattenNormalMap_VT.uexp" 254
"../../../Engine/Content/EngineMaterials/FlattenMaterial_WS_Normal_VT.uasset" 255
"../../../Engine/Content/EngineMaterials/FlattenMaterial_WS_Normal_VT.uexp" 256
"../../../Engine/Content/EngineMaterials/FlattenMaterial_VT.uasset" 257
"../../../Engine/Content/EngineMaterials/FlattenMaterial_VT.uexp" 258
"../../../Engine/Content/EngineMaterials/BaseFlattenNormalMap.uasset" 259
"../../../Engine/Content/EngineMaterials/BaseFlattenNormalMap.uexp" 260
"../../../Engine/Content/EngineMaterials/BaseFlattenGrayscaleMap.uasset" 261
"../../../Engine/Content/EngineMaterials/BaseFlattenGrayscaleMap.uexp" 262
"../../../Engine/Content/EngineMaterials/BaseFlattenDiffuseMap.uasset" 263
"../../../Engine/Content/EngineMaterials/BaseFlattenDiffuseMap.uexp" 264
"../../../Engine/Content/Functions/Engine_MaterialFunctions02/PivotPainter2/Black_1x1_EXR_Texture.uasset" 265
"../../../Engine/Content/Functions/Engine_MaterialFunctions02/PivotPainter2/Black_1x1_EXR_Texture.uexp" 266
"../../../Engine/Content/EngineMaterials/BaseFlattenEmissiveMap.uasset" 267
"../../../Engine/Content/EngineMaterials/BaseFlattenEmissiveMap.uexp" 268
"../../../Engine/Content/EngineMaterials/BaseFlattenLinearColor.uasset" 269
"../../../Engine/Content/EngineMaterials/BaseFlattenLinearColor.uexp" 270
"../../../Engine/Content/EngineMaterials/FlattenMaterial.uasset" 271
"../../../Engine/Content/EngineMaterials/FlattenMaterial.uexp" 272
"../../../Engine/Content/EngineMaterials/DefaultWhiteGrid_Low.uasset" 273
"../../../Engine/Content/EngineMaterials/DefaultWhiteGrid_Low.uexp" 274
"../../../Engine/Content/EngineMaterials/EmissiveMeshMaterial.uasset" 275
"../../../Engine/Content/EngineMaterials/EmissiveMeshMaterial.uexp" 276
"../../../Engine/Content/EngineFonts/RobotoDistanceField.uasset" 277
"../../../Engine/Content/EngineFonts/RobotoDistanceField.uexp" 278
"../../../Engine/Content/EngineMaterials/DefaultTextMaterialOpaque.uasset" 279
"../../../Engine/Content/EngineMaterials/DefaultTextMaterialOpaque.uexp" 280
"../../../Engine/Content/EngineMaterials/DefaultDiffuse.ubulk" 281
"../../../Engine/Content/EngineMaterials/DefaultDiffuse.uasset" 282
"../../../Engine/Content/EngineMaterials/DefaultDiffuse.uexp" 283
"../../../Engine/Content/Functions/Engine_MaterialFunctions02/Utility/BreakOutFloat2Components.uasset" 284
"../../../Engine/Content/Functions/Engine_MaterialFunctions02/Utility/BreakOutFloat2Components.uexp" 285
"../../../Engine/Content/EngineMaterials/DefaultPostProcessMaterial.uasset" 286
"../../../Engine/Content/EngineMaterials/DefaultPostProcessMaterial.uexp" 287
"../../../Engine/Content/EngineMaterials/DefaultPhysicalMaterial.uasset" 288
"../../../Engine/Content/EngineMaterials/DefaultPhysicalMaterial.uexp" 289
"../../../Engine/Content/EngineResources/FilmGrains/Marcie_Grain_v3_128_M2_000.uasset" 290
"../../../Engine/Content/EngineResources/FilmGrains/Marcie_Grain_v3_128_M2_000.uexp" 291
"../../../Engine/Content/EngineMaterials/DefaultLightFunctionMaterial.uasset" 292
"../../../Engine/Content/EngineMaterials/DefaultLightFunctionMaterial.uexp" 293
"../../../Engine/Content/EngineMaterials/DefaultDestructiblePhysicalMaterial.uasset" 294
"../../../Engine/Content/EngineMaterials/DefaultDestructiblePhysicalMaterial.uexp" 295
"../../../Engine/Content/EngineMaterials/DefaultDeferredDecalMaterial.uasset" 296
"../../../Engine/Content/EngineMaterials/DefaultDeferredDecalMaterial.uexp" 297
"../../../Engine/Content/EngineMaterials/DefaultBloomKernel.uasset" 298
"../../../Engine/Content/EngineMaterials/DefaultBloomKernel.uexp" 299
"../../../Engine/Content/EngineSky/VolumetricClouds/CloudWeatherTexture.uasset" 300
"../../../Engine/Content/EngineSky/VolumetricClouds/CloudWeatherTexture.uexp" 301
"../../../Engine/Content/Functions/Engine_MaterialFunctions02/Utility/MakeFloat2.uasset" 302
"../../../Engine/Content/Functions/Engine_MaterialFunctions02/Utility/MakeFloat2.uexp" 303
"../../../Engine/Content/EngineSky/VolumetricClouds/CloudGradientTexture.uasset" 304
"../../../Engine/Content/EngineSky/VolumetricClouds/CloudGradientTexture.uexp" 305
"../../../Engine/Content/EngineSky/VolumetricClouds/T_NoiseShape64.ubulk" 306
"../../../Engine/Content/EngineSky/VolumetricClouds/T_NoiseShape64.uasset" 307
"../../../Engine/Content/EngineSky/VolumetricClouds/T_NoiseShape64.uexp" 308
"../../../Engine/Content/EngineSky/VolumetricClouds/T_VolumeNoiseShape64.uasset" 309
"../../../Engine/Content/EngineSky/VolumetricClouds/T_VolumeNoiseShape64.uexp" 310
"../../../Engine/Content/EngineSky/VolumetricClouds/T_NoiseErosion.ubulk" 311
"../../../Engine/Content/EngineSky/VolumetricClouds/T_NoiseErosion.uasset" 312
"../../../Engine/Content/EngineSky/VolumetricClouds/T_NoiseErosion.uexp" 313
"../../../Engine/Content/EngineSky/VolumetricClouds/T_VolumeNoiseErosion32.uasset" 314
"../../../Engine/Content/EngineSky/VolumetricClouds/T_VolumeNoiseErosion32.uexp" 315
"../../../Engine/Content/EngineSky/VolumetricClouds/m_SimpleVolumetricCloud.uasset" 316
"../../../Engine/Content/EngineSky/VolumetricClouds/m_SimpleVolumetricCloud.uexp" 317
"../../../Engine/Content/EngineSky/VolumetricClouds/m_SimpleVolumetricCloud_Inst.uasset" 318
"../../../Engine/Content/EngineSky/VolumetricClouds/m_SimpleVolumetricCloud_Inst.uexp" 319
"../../../Engine/Content/EngineSounds/Master.uasset" 320
"../../../Engine/Content/EngineSounds/Master.uexp" 321
"../../../Engine/Content/Functions/Engine_MaterialFunctions01/Shading/PowerToRoughness.uasset" 322
"../../../Engine/Content/Functions/Engine_MaterialFunctions01/Shading/PowerToRoughness.uexp" 323
"../../../Engine/Plugins/2D/Paper2D/Content/PlaceholderTextures/DummySpriteTexture.ubulk" 324
"../../../Engine/Plugins/2D/Paper2D/Content/PlaceholderTextures/DummySpriteTexture.uasset" 325
"../../../Engine/Plugins/2D/Paper2D/Content/PlaceholderTextures/DummySpriteTexture.uexp" 326
"../../../Engine/Plugins/2D/Paper2D/Content/DefaultSpriteMaterial.uasset" 327
"../../../Engine/Plugins/2D/Paper2D/Content/DefaultSpriteMaterial.uexp" 328
"../../../Engine/Plugins/2D/Paper2D/Content/OpaqueUnlitSpriteMaterial.uasset" 329
"../../../Engine/Plugins/2D/Paper2D/Content/OpaqueUnlitSpriteMaterial.uexp" 330
"../../../Engine/Plugins/2D/Paper2D/Content/MaskedUnlitSpriteMaterial.uasset" 331
"../../../Engine/Plugins/2D/Paper2D/Content/MaskedUnlitSpriteMaterial.uexp" 332
"../../../Engine/Plugins/2D/Paper2D/Content/DummySprite.uasset" 333
"../../../Engine/Plugins/2D/Paper2D/Content/DummySprite.uexp" 334
"../../../Engine/Plugins/2D/Paper2D/Content/DefaultPaperTerrainMaterial.uasset" 335
"../../../Engine/Plugins/2D/Paper2D/Content/DefaultPaperTerrainMaterial.uexp" 336
"../../../Engine/Plugins/Animation/ControlRig/Content/M_Manip.uasset" 337
"../../../Engine/Plugins/Animation/ControlRig/Content/M_Manip.uexp" 338
"../../../Engine/Plugins/Animation/ControlRig/Content/Controls/DefaultGizmoLibraryNormalized.uasset" 339
"../../../Engine/Plugins/Animation/ControlRig/Content/Controls/DefaultGizmoLibraryNormalized.uexp" 340
"../../../Engine/Plugins/Animation/ControlRig/Content/Controls/ControlRig_Wedge_solid.ubulk" 341
"../../../Engine/Plugins/Animation/ControlRig/Content/Controls/ControlRig_Wedge_solid.uasset" 342
"../../../Engine/Plugins/Animation/ControlRig/Content/Controls/ControlRig_Wedge_solid.uexp" 343
"../../../Engine/Plugins/Animation/ControlRig/Content/Controls/ControlRig_Wedge_3mm.ubulk" 344
"../../../Engine/Plugins/Animation/ControlRig/Content/Controls/ControlRig_Wedge_3mm.uasset" 345
"../../../Engine/Plugins/Animation/ControlRig/Content/Controls/ControlRig_Wedge_3mm.uexp" 346
"../../../Engine/Plugins/Animation/ControlRig/Content/Controls/ControlRig_Wedge_1mm.ubulk" 347
"../../../Engine/Plugins/Animation/ControlRig/Content/Controls/ControlRig_Wedge_1mm.uasset" 348
"../../../Engine/Plugins/Animation/ControlRig/Content/Controls/ControlRig_Wedge_1mm.uexp" 349
"../../../Engine/Plugins/Animation/ControlRig/Content/Controls/ControlRig_Triangle_solid.ubulk" 350
"../../../Engine/Plugins/Animation/ControlRig/Content/Controls/ControlRig_Triangle_solid.uasset" 351
"../../../Engine/Plugins/Animation/ControlRig/Content/Controls/ControlRig_Triangle_solid.uexp" 352
"../../../Engine/Plugins/Animation/ControlRig/Content/Controls/ControlRig_Triangle_3mm.ubulk" 353
"../../../Engine/Plugins/Animation/ControlRig/Content/Controls/ControlRig_Triangle_3mm.uasset" 354
"../../../Engine/Plugins/Animation/ControlRig/Content/Controls/ControlRig_Triangle_3mm.uexp" 355
"../../../Engine/Plugins/Animation/ControlRig/Content/Controls/ControlRig_Triangle_1mm.ubulk" 356
"../../../Engine/Plugins/Animation/ControlRig/Content/Controls/ControlRig_Triangle_1mm.uasset" 357
"../../../Engine/Plugins/Animation/ControlRig/Content/Controls/ControlRig_Triangle_1mm.uexp" 358
"../../../Engine/Plugins/Animation/ControlRig/Content/Controls/ControlRig_Star4_solid.ubulk" 359
"../../../Engine/Plugins/Animation/ControlRig/Content/Controls/ControlRig_Star4_solid.uasset" 360
"../../../Engine/Plugins/Animation/ControlRig/Content/Controls/ControlRig_Star4_solid.uexp" 361
"../../../Engine/Plugins/Animation/ControlRig/Content/Controls/ControlRig_Star4_3mm.ubulk" 362
"../../../Engine/Plugins/Animation/ControlRig/Content/Controls/ControlRig_Star4_3mm.uasset" 363
"../../../Engine/Plugins/Animation/ControlRig/Content/Controls/ControlRig_Star4_3mm.uexp" 364
"../../../Engine/Plugins/Animation/ControlRig/Content/Controls/ControlRig_Star4_1mm.ubulk" 365
"../../../Engine/Plugins/Animation/ControlRig/Content/Controls/ControlRig_Star4_1mm.uasset" 366
"../../../Engine/Plugins/Animation/ControlRig/Content/Controls/ControlRig_Star4_1mm.uexp" 367
"../../../Engine/Plugins/Animation/ControlRig/Content/Controls/ControlRig_Square_solid.ubulk" 368
"../../../Engine/Plugins/Animation/ControlRig/Content/Controls/ControlRig_Square_solid.uasset" 369
"../../../Engine/Plugins/Animation/ControlRig/Content/Controls/ControlRig_Square_solid.uexp" 370
"../../../Engine/Plugins/Animation/ControlRig/Content/Controls/ControlRig_Square_3mm.ubulk" 371
"../../../Engine/Plugins/Animation/ControlRig/Content/Controls/ControlRig_Square_3mm.uasset" 372
"../../../Engine/Plugins/Animation/ControlRig/Content/Controls/ControlRig_Square_3mm.uexp" 373
"../../../Engine/Plugins/Animation/ControlRig/Content/Controls/ControlRig_Square_1mm.ubulk" 374
"../../../Engine/Plugins/Animation/ControlRig/Content/Controls/ControlRig_Square_1mm.uasset" 375
"../../../Engine/Plugins/Animation/ControlRig/Content/Controls/ControlRig_Square_1mm.uexp" 376
"../../../Engine/Plugins/Animation/ControlRig/Content/Controls/ControlRig_Sphere_solid.ubulk" 377
"../../../Engine/Plugins/Animation/ControlRig/Content/Controls/ControlRig_Sphere_solid.uasset" 378
"../../../Engine/Plugins/Animation/ControlRig/Content/Controls/ControlRig_Sphere_solid.uexp" 379
"../../../Engine/Plugins/Animation/ControlRig/Content/Controls/ControlRig_Sphere_3mm.ubulk" 380
"../../../Engine/Plugins/Animation/ControlRig/Content/Controls/ControlRig_Sphere_3mm.uasset" 381
"../../../Engine/Plugins/Animation/ControlRig/Content/Controls/ControlRig_Sphere_3mm.uexp" 382
"../../../Engine/Plugins/Animation/ControlRig/Content/Controls/ControlRig_Sphere_1mm.ubulk" 383
"../../../Engine/Plugins/Animation/ControlRig/Content/Controls/ControlRig_Sphere_1mm.uasset" 384
"../../../Engine/Plugins/Animation/ControlRig/Content/Controls/ControlRig_Sphere_1mm.uexp" 385
"../../../Engine/Plugins/Animation/ControlRig/Content/Controls/ControlRig_RoundedTriangle_solid.ubulk" 386
"../../../Engine/Plugins/Animation/ControlRig/Content/Controls/ControlRig_RoundedTriangle_solid.uasset" 387
"../../../Engine/Plugins/Animation/ControlRig/Content/Controls/ControlRig_RoundedTriangle_solid.uexp" 388
"../../../Engine/Plugins/Animation/ControlRig/Content/Controls/ControlRig_RoundedTriangle_3mm.ubulk" 389
"../../../Engine/Plugins/Animation/ControlRig/Content/Controls/ControlRig_RoundedTriangle_3mm.uasset" 390
"../../../Engine/Plugins/Animation/ControlRig/Content/Controls/ControlRig_RoundedTriangle_3mm.uexp" 391
"../../../Engine/Plugins/Animation/ControlRig/Content/Controls/ControlRig_RoundedTriangle_1mm.ubulk" 392
"../../../Engine/Plugins/Animation/ControlRig/Content/Controls/ControlRig_RoundedTriangle_1mm.uasset" 393
"../../../Engine/Plugins/Animation/ControlRig/Content/Controls/ControlRig_RoundedTriangle_1mm.uexp" 394
"../../../Engine/Plugins/Animation/ControlRig/Content/Controls/ControlRig_RoundedSquare_solid.ubulk" 395
"../../../Engine/Plugins/Animation/ControlRig/Content/Controls/ControlRig_RoundedSquare_solid.uasset" 396
"../../../Engine/Plugins/Animation/ControlRig/Content/Controls/ControlRig_RoundedSquare_solid.uexp" 397
"../../../Engine/Plugins/Animation/ControlRig/Content/Controls/ControlRig_RoundedSquare_3mm.ubulk" 398
"../../../Engine/Plugins/Animation/ControlRig/Content/Controls/ControlRig_RoundedSquare_3mm.uasset" 399
"../../../Engine/Plugins/Animation/ControlRig/Content/Controls/ControlRig_RoundedSquare_3mm.uexp" 400
"../../../Engine/Plugins/Animation/ControlRig/Content/Controls/ControlRig_RoundedSquare_1mm.ubulk" 401
"../../../Engine/Plugins/Animation/ControlRig/Content/Controls/ControlRig_RoundedSquare_1mm.uasset" 402
"../../../Engine/Plugins/Animation/ControlRig/Content/Controls/ControlRig_RoundedSquare_1mm.uexp" 403
"../../../Engine/Plugins/Animation/ControlRig/Content/Controls/ControlRig_QuarterCircle_solid.ubulk" 404
"../../../Engine/Plugins/Animation/ControlRig/Content/Controls/ControlRig_QuarterCircle_solid.uasset" 405
"../../../Engine/Plugins/Animation/ControlRig/Content/Controls/ControlRig_QuarterCircle_solid.uexp" 406
"../../../Engine/Plugins/Animation/ControlRig/Content/Controls/ControlRig_QuarterCircle_3mm.ubulk" 407
"../../../Engine/Plugins/Animation/ControlRig/Content/Controls/ControlRig_QuarterCircle_3mm.uasset" 408
"../../../Engine/Plugins/Animation/ControlRig/Content/Controls/ControlRig_QuarterCircle_3mm.uexp" 409
"../../../Engine/Plugins/Animation/ControlRig/Content/Controls/ControlRig_QuarterCircle_1mm.ubulk" 410
"../../../Engine/Plugins/Animation/ControlRig/Content/Controls/ControlRig_QuarterCircle_1mm.uasset" 411
"../../../Engine/Plugins/Animation/ControlRig/Content/Controls/ControlRig_QuarterCircle_1mm.uexp" 412
"../../../Engine/Plugins/Animation/ControlRig/Content/Controls/ControlRig_Pyramid_solid.ubulk" 413
"../../../Engine/Plugins/Animation/ControlRig/Content/Controls/ControlRig_Pyramid_solid.uasset" 414
"../../../Engine/Plugins/Animation/ControlRig/Content/Controls/ControlRig_Pyramid_solid.uexp" 415
"../../../Engine/Plugins/Animation/ControlRig/Content/Controls/ControlRig_Pyramid_3mm.ubulk" 416
"../../../Engine/Plugins/Animation/ControlRig/Content/Controls/ControlRig_Pyramid_3mm.uasset" 417
"../../../Engine/Plugins/Animation/ControlRig/Content/Controls/ControlRig_Pyramid_3mm.uexp" 418
"../../../Engine/Plugins/Animation/ControlRig/Content/Controls/ControlRig_Pyramid_1mm.ubulk" 419
"../../../Engine/Plugins/Animation/ControlRig/Content/Controls/ControlRig_Pyramid_1mm.uasset" 420
"../../../Engine/Plugins/Animation/ControlRig/Content/Controls/ControlRig_Pyramid_1mm.uexp" 421
"../../../Engine/Plugins/Animation/ControlRig/Content/Controls/ControlRig_Octagon_solid.ubulk" 422
"../../../Engine/Plugins/Animation/ControlRig/Content/Controls/ControlRig_Octagon_solid.uasset" 423
"../../../Engine/Plugins/Animation/ControlRig/Content/Controls/ControlRig_Octagon_solid.uexp" 424
"../../../Engine/Plugins/Animation/ControlRig/Content/Controls/ControlRig_Octagon_3mm.ubulk" 425
"../../../Engine/Plugins/Animation/ControlRig/Content/Controls/ControlRig_Octagon_3mm.uasset" 426
"../../../Engine/Plugins/Animation/ControlRig/Content/Controls/ControlRig_Octagon_3mm.uexp" 427
"../../../Engine/Plugins/Animation/ControlRig/Content/Controls/ControlRig_Octagon_1mm.ubulk" 428
"../../../Engine/Plugins/Animation/ControlRig/Content/Controls/ControlRig_Octagon_1mm.uasset" 429
"../../../Engine/Plugins/Animation/ControlRig/Content/Controls/ControlRig_Octagon_1mm.uexp" 430
"../../../Engine/Plugins/Animation/ControlRig/Content/Controls/ControlRig_Hexagon_solid.ubulk" 431
"../../../Engine/Plugins/Animation/ControlRig/Content/Controls/ControlRig_Hexagon_solid.uasset" 432
"../../../Engine/Plugins/Animation/ControlRig/Content/Controls/ControlRig_Hexagon_solid.uexp" 433
"../../../Engine/Plugins/Animation/ControlRig/Content/Controls/ControlRig_Hexagon_3mm.ubulk" 434
"../../../Engine/Plugins/Animation/ControlRig/Content/Controls/ControlRig_Hexagon_3mm.uasset" 435
"../../../Engine/Plugins/Animation/ControlRig/Content/Controls/ControlRig_Hexagon_3mm.uexp" 436
"../../../Engine/Plugins/Animation/ControlRig/Content/Controls/ControlRig_Hexagon_1mm.ubulk" 437
"../../../Engine/Plugins/Animation/ControlRig/Content/Controls/ControlRig_Hexagon_1mm.uasset" 438
"../../../Engine/Plugins/Animation/ControlRig/Content/Controls/ControlRig_Hexagon_1mm.uexp" 439
"../../../Engine/Plugins/Animation/ControlRig/Content/Controls/ControlRig_HalfCircle_solid.ubulk" 440
"../../../Engine/Plugins/Animation/ControlRig/Content/Controls/ControlRig_HalfCircle_solid.uasset" 441
"../../../Engine/Plugins/Animation/ControlRig/Content/Controls/ControlRig_HalfCircle_solid.uexp" 442
"../../../Engine/Plugins/Animation/ControlRig/Content/Controls/ControlRig_HalfCircle_3mm.ubulk" 443
"../../../Engine/Plugins/Animation/ControlRig/Content/Controls/ControlRig_HalfCircle_3mm.uasset" 444
"../../../Engine/Plugins/Animation/ControlRig/Content/Controls/ControlRig_HalfCircle_3mm.uexp" 445
"../../../Engine/Plugins/Animation/ControlRig/Content/Controls/ControlRig_HalfCircle_1mm.ubulk" 446
"../../../Engine/Plugins/Animation/ControlRig/Content/Controls/ControlRig_HalfCircle_1mm.uasset" 447
"../../../Engine/Plugins/Animation/ControlRig/Content/Controls/ControlRig_HalfCircle_1mm.uexp" 448
"../../../Engine/Plugins/Animation/ControlRig/Content/Controls/ControlRig_Diamond_solid.ubulk" 449
"../../../Engine/Plugins/Animation/ControlRig/Content/Controls/ControlRig_Diamond_solid.uasset" 450
"../../../Engine/Plugins/Animation/ControlRig/Content/Controls/ControlRig_Diamond_solid.uexp" 451
"../../../Engine/Plugins/Animation/ControlRig/Content/Controls/ControlRig_Diamond_3mm.ubulk" 452
"../../../Engine/Plugins/Animation/ControlRig/Content/Controls/ControlRig_Diamond_3mm.uasset" 453
"../../../Engine/Plugins/Animation/ControlRig/Content/Controls/ControlRig_Diamond_3mm.uexp" 454
"../../../Engine/Plugins/Animation/ControlRig/Content/Controls/ControlRig_Diamond_1mm.ubulk" 455
"../../../Engine/Plugins/Animation/ControlRig/Content/Controls/ControlRig_Diamond_1mm.uasset" 456
"../../../Engine/Plugins/Animation/ControlRig/Content/Controls/ControlRig_Diamond_1mm.uexp" 457
"../../../Engine/Plugins/Animation/ControlRig/Content/Controls/ControlRig_Circle_solid.ubulk" 458
"../../../Engine/Plugins/Animation/ControlRig/Content/Controls/ControlRig_Circle_solid.uasset" 459
"../../../Engine/Plugins/Animation/ControlRig/Content/Controls/ControlRig_Circle_solid.uexp" 460
"../../../Engine/Plugins/Animation/ControlRig/Content/Controls/ControlRig_Circle_3mm.ubulk" 461
"../../../Engine/Plugins/Animation/ControlRig/Content/Controls/ControlRig_Circle_3mm.uasset" 462
"../../../Engine/Plugins/Animation/ControlRig/Content/Controls/ControlRig_Circle_3mm.uexp" 463
"../../../Engine/Plugins/Animation/ControlRig/Content/Controls/ControlRig_Circle_1mm.ubulk" 464
"../../../Engine/Plugins/Animation/ControlRig/Content/Controls/ControlRig_Circle_1mm.uasset" 465
"../../../Engine/Plugins/Animation/ControlRig/Content/Controls/ControlRig_Circle_1mm.uexp" 466
"../../../Engine/Plugins/Animation/ControlRig/Content/Controls/ControlRig_Box_solid.ubulk" 467
"../../../Engine/Plugins/Animation/ControlRig/Content/Controls/ControlRig_Box_solid.uasset" 468
"../../../Engine/Plugins/Animation/ControlRig/Content/Controls/ControlRig_Box_solid.uexp" 469
"../../../Engine/Plugins/Animation/ControlRig/Content/Controls/ControlRig_Box_3mm.ubulk" 470
"../../../Engine/Plugins/Animation/ControlRig/Content/Controls/ControlRig_Box_3mm.uasset" 471
"../../../Engine/Plugins/Animation/ControlRig/Content/Controls/ControlRig_Box_3mm.uexp" 472
"../../../Engine/Plugins/Animation/ControlRig/Content/Controls/ControlRig_Box_1mm.ubulk" 473
"../../../Engine/Plugins/Animation/ControlRig/Content/Controls/ControlRig_Box_1mm.uasset" 474
"../../../Engine/Plugins/Animation/ControlRig/Content/Controls/ControlRig_Box_1mm.uexp" 475
"../../../Engine/Plugins/Animation/ControlRig/Content/Controls/ControlRig_Arrow_solid.ubulk" 476
"../../../Engine/Plugins/Animation/ControlRig/Content/Controls/ControlRig_Arrow_solid.uasset" 477
"../../../Engine/Plugins/Animation/ControlRig/Content/Controls/ControlRig_Arrow_solid.uexp" 478
"../../../Engine/Plugins/Animation/ControlRig/Content/Controls/ControlRig_Arrow_3mm.ubulk" 479
"../../../Engine/Plugins/Animation/ControlRig/Content/Controls/ControlRig_Arrow_3mm.uasset" 480
"../../../Engine/Plugins/Animation/ControlRig/Content/Controls/ControlRig_Arrow_3mm.uexp" 481
"../../../Engine/Plugins/Animation/ControlRig/Content/Controls/ControlRig_Arrow_1mm.ubulk" 482
"../../../Engine/Plugins/Animation/ControlRig/Content/Controls/ControlRig_Arrow_1mm.uasset" 483
"../../../Engine/Plugins/Animation/ControlRig/Content/Controls/ControlRig_Arrow_1mm.uexp" 484
"../../../Engine/Plugins/Animation/ControlRig/Content/Controls/ControlRig_Arrow4_solid.ubulk" 485
"../../../Engine/Plugins/Animation/ControlRig/Content/Controls/ControlRig_Arrow4_solid.uasset" 486
"../../../Engine/Plugins/Animation/ControlRig/Content/Controls/ControlRig_Arrow4_solid.uexp" 487
"../../../Engine/Plugins/Animation/ControlRig/Content/Controls/ControlRig_Arrow4_3mm.ubulk" 488
"../../../Engine/Plugins/Animation/ControlRig/Content/Controls/ControlRig_Arrow4_3mm.uasset" 489
"../../../Engine/Plugins/Animation/ControlRig/Content/Controls/ControlRig_Arrow4_3mm.uexp" 490
"../../../Engine/Plugins/Animation/ControlRig/Content/Controls/ControlRig_Arrow4_1mm.ubulk" 491
"../../../Engine/Plugins/Animation/ControlRig/Content/Controls/ControlRig_Arrow4_1mm.uasset" 492
"../../../Engine/Plugins/Animation/ControlRig/Content/Controls/ControlRig_Arrow4_1mm.uexp" 493
"../../../Engine/Plugins/Animation/ControlRig/Content/Controls/ControlRig_Arrow2_solid.ubulk" 494
"../../../Engine/Plugins/Animation/ControlRig/Content/Controls/ControlRig_Arrow2_solid.uasset" 495
"../../../Engine/Plugins/Animation/ControlRig/Content/Controls/ControlRig_Arrow2_solid.uexp" 496
"../../../Engine/Plugins/Animation/ControlRig/Content/Controls/ControlRig_Arrow2_3mm.ubulk" 497
"../../../Engine/Plugins/Animation/ControlRig/Content/Controls/ControlRig_Arrow2_3mm.uasset" 498
"../../../Engine/Plugins/Animation/ControlRig/Content/Controls/ControlRig_Arrow2_3mm.uexp" 499
"../../../Engine/Plugins/Animation/ControlRig/Content/Controls/ControlRig_Arrow2_1mm.ubulk" 500
"../../../Engine/Plugins/Animation/ControlRig/Content/Controls/ControlRig_Arrow2_1mm.uasset" 501
"../../../Engine/Plugins/Animation/ControlRig/Content/Controls/ControlRig_Arrow2_1mm.uexp" 502
"../../../Engine/Plugins/Animation/ControlRig/Content/Controls/ControlRigXRayMaterial.uasset" 503
"../../../Engine/Plugins/Animation/ControlRig/Content/Controls/ControlRigXRayMaterial.uexp" 504
"../../../Engine/Plugins/Animation/ControlRig/Content/Controls/ControlRigGizmoMaterial.uasset" 505
"../../../Engine/Plugins/Animation/ControlRig/Content/Controls/ControlRigGizmoMaterial.uexp" 506
"../../../Engine/Plugins/Editor/SpeedTreeImporter/Content/SpeedTree9/game_wind_noise.ubulk" 507
"../../../Engine/Plugins/Editor/SpeedTreeImporter/Content/SpeedTree9/game_wind_noise.uasset" 508
"../../../Engine/Plugins/Editor/SpeedTreeImporter/Content/SpeedTree9/game_wind_noise.uexp" 509
"../../../Engine/Plugins/Editor/SpeedTreeImporter/Content/SpeedTree9/UnpackDirection.uasset" 510
"../../../Engine/Plugins/Editor/SpeedTreeImporter/Content/SpeedTree9/UnpackDirection.uexp" 511
"../../../Engine/Content/Functions/Engine_MaterialFunctions02/ObjectLocalBounds.uasset" 512
"../../../Engine/Content/Functions/Engine_MaterialFunctions02/ObjectLocalBounds.uexp" 513
"../../../Engine/Content/Functions/Engine_MaterialFunctions02/UVs/BoundingBoxBased_0-1_UVW.uasset" 514
"../../../Engine/Content/Functions/Engine_MaterialFunctions02/UVs/BoundingBoxBased_0-1_UVW.uexp" 515
"../../../Engine/Content/Functions/Engine_MaterialFunctions02/Utility/VectorLength.uasset" 516
"../../../Engine/Content/Functions/Engine_MaterialFunctions02/Utility/VectorLength.uexp" 517
"../../../Engine/Plugins/Editor/SpeedTreeImporter/Content/SpeedTree9/UnpackInteger3.uasset" 518
"../../../Engine/Plugins/Editor/SpeedTreeImporter/Content/SpeedTree9/UnpackInteger3.uexp" 519
"../../../Engine/Plugins/Editor/SpeedTreeImporter/Content/SpeedTree9/SpeedTreeCameraFacing.uasset" 520
"../../../Engine/Plugins/Editor/SpeedTreeImporter/Content/SpeedTree9/SpeedTreeCameraFacing.uexp" 521
"../../../Engine/Content/Functions/Engine_MaterialFunctions02/WorldPositionOffset/ObjectScale.uasset" 522
"../../../Engine/Content/Functions/Engine_MaterialFunctions02/WorldPositionOffset/ObjectScale.uexp" 523
"../../../Engine/Content/Functions/Engine_MaterialFunctions02/SafeNormalize.uasset" 524
"../../../Engine/Content/Functions/Engine_MaterialFunctions02/SafeNormalize.uexp" 525
"../../../Engine/Plugins/Editor/SpeedTreeImporter/Content/SpeedTree9/SpeedTreeWindMotion.uasset" 526
"../../../Engine/Plugins/Editor/SpeedTreeImporter/Content/SpeedTree9/SpeedTreeWindMotion.uexp" 527
"../../../Engine/Plugins/Editor/SpeedTreeImporter/Content/SpeedTree9/SpeedTreeBranchMotion.uasset" 528
"../../../Engine/Plugins/Editor/SpeedTreeImporter/Content/SpeedTree9/SpeedTreeBranchMotion.uexp" 529
"../../../Engine/Plugins/Editor/SpeedTreeImporter/Content/SpeedTree9/SpeedTreeWind.uasset" 530
"../../../Engine/Plugins/Editor/SpeedTreeImporter/Content/SpeedTree9/SpeedTreeWind.uexp" 531
"../../../Engine/Plugins/Editor/SpeedTreeImporter/Content/SpeedTree9/EmptyNormal.uasset" 532
"../../../Engine/Plugins/Editor/SpeedTreeImporter/Content/SpeedTree9/EmptyNormal.uexp" 533
"../../../Engine/Plugins/Editor/SpeedTreeImporter/Content/SpeedTree9/Empty.uasset" 534
"../../../Engine/Plugins/Editor/SpeedTreeImporter/Content/SpeedTree9/Empty.uexp" 535
"../../../Engine/Plugins/Editor/SpeedTreeImporter/Content/SpeedTree9/SpeedTreeMaster.uasset" 536
"../../../Engine/Plugins/Editor/SpeedTreeImporter/Content/SpeedTree9/SpeedTreeMaster.uexp" 537
"../../../Engine/Plugins/Editor/SpeedTreeImporter/Content/SpeedTree9/SpeedTreeBillboard.uasset" 538
"../../../Engine/Plugins/Editor/SpeedTreeImporter/Content/SpeedTree9/SpeedTreeBillboard.uexp" 539
"../../../Engine/Plugins/Editor/SpeedTreeImporter/Content/SpeedTree9/SpeedTreeBillboardMaster.uasset" 540
"../../../Engine/Plugins/Editor/SpeedTreeImporter/Content/SpeedTree9/SpeedTreeBillboardMaster.uexp" 541
"../../../Engine/Content/Functions/Engine_MaterialFunctions02/Texturing/CustomRotator.uasset" 542
"../../../Engine/Content/Functions/Engine_MaterialFunctions02/Texturing/CustomRotator.uexp" 543
"../../../Engine/Content/Functions/Engine_MaterialFunctions02/Texturing/ScreenAlignedPixelToPixelUVs.uasset" 544
"../../../Engine/Content/Functions/Engine_MaterialFunctions02/Texturing/ScreenAlignedPixelToPixelUVs.uexp" 545
"../../../Engine/Plugins/Interchange/Runtime/Content/Utilities/T_Bayer64_Grayscale_64px.uasset" 546
"../../../Engine/Plugins/Interchange/Runtime/Content/Utilities/T_Bayer64_Grayscale_64px.uexp" 547
"../../../Engine/Plugins/Interchange/Runtime/Content/gltf/MaterialFunctions/MF_Temporal_Blur.uasset" 548
"../../../Engine/Plugins/Interchange/Runtime/Content/gltf/MaterialFunctions/MF_Temporal_Blur.uexp" 549
"../../../Engine/Plugins/Interchange/Runtime/Content/gltf/MaterialFunctions/MF_Fresnel_DS.uasset" 550
"../../../Engine/Plugins/Interchange/Runtime/Content/gltf/MaterialFunctions/MF_Fresnel_DS.uexp" 551
"../../../Engine/Plugins/Interchange/Runtime/Content/Functions/MX_Transmission.uasset" 552
"../../../Engine/Plugins/Interchange/Runtime/Content/Functions/MX_Transmission.uexp" 553
"../../../Engine/Plugins/Interchange/Runtime/Content/Functions/MF_OrenNayerView.uasset" 554
"../../../Engine/Plugins/Interchange/Runtime/Content/Functions/MF_OrenNayerView.uexp" 555
"../../../Engine/Plugins/Interchange/Runtime/Content/Functions/MF_SchlickApprox.uasset" 556
"../../../Engine/Plugins/Interchange/Runtime/Content/Functions/MF_SchlickApprox.uexp" 557
"../../../Engine/Plugins/Interchange/Runtime/Content/Utilities/New_LUT.uasset" 558
"../../../Engine/Plugins/Interchange/Runtime/Content/Utilities/New_LUT.uexp" 559
"../../../Engine/Content/Functions/Engine_MaterialFunctions03/Math/RemapValueRange.uasset" 560
"../../../Engine/Content/Functions/Engine_MaterialFunctions03/Math/RemapValueRange.uexp" 561
"../../../Engine/Plugins/Interchange/Runtime/Content/Functions/MF_Iridescence.uasset" 562
"../../../Engine/Plugins/Interchange/Runtime/Content/Functions/MF_Iridescence.uexp" 563
"../../../Engine/Plugins/Interchange/Runtime/Content/Functions/MX_StandardSurface.uasset" 564
"../../../Engine/Plugins/Interchange/Runtime/Content/Functions/MX_StandardSurface.uexp" 565
"../../../Engine/Plugins/Interchange/Runtime/Content/Functions/MX_TransmissionSurface.uasset" 566
"../../../Engine/Plugins/Interchange/Runtime/Content/Functions/MX_TransmissionSurface.uexp" 567
"../../../Engine/Content/Functions/Engine_MaterialFunctions02/Math/AddComponents.uasset" 568
"../../../Engine/Content/Functions/Engine_MaterialFunctions02/Math/AddComponents.uexp" 569
"../../../Engine/Content/Functions/Engine_MaterialFunctions02/WorldPositionOffset/V2/ObjectScale.uasset" 570
"../../../Engine/Content/Functions/Engine_MaterialFunctions02/WorldPositionOffset/V2/ObjectScale.uexp" 571
"../../../Engine/Plugins/Interchange/Runtime/Content/gltf/MaterialFunctions/MF_TransmissionOpacity.uasset" 572
"../../../Engine/Plugins/Interchange/Runtime/Content/gltf/MaterialFunctions/MF_TransmissionOpacity.uexp" 573
"../../../Engine/Plugins/Interchange/Runtime/Content/gltf/MaterialFunctions/MF_RotateV2.uasset" 574
"../../../Engine/Plugins/Interchange/Runtime/Content/gltf/MaterialFunctions/MF_RotateV2.uexp" 575
"../../../Engine/Plugins/Interchange/Runtime/Content/gltf/MaterialFunctions/MF_TransformUVs.uasset" 576
"../../../Engine/Plugins/Interchange/Runtime/Content/gltf/MaterialFunctions/MF_TransformUVs.uexp" 577
"../../../Engine/Plugins/Interchange/Runtime/Content/gltf/Textures/T_White_srgb.uasset" 578
"../../../Engine/Plugins/Interchange/Runtime/Content/gltf/Textures/T_White_srgb.uexp" 579
"../../../Engine/Plugins/Interchange/Runtime/Content/gltf/MaterialFunctions/MF_BaseColor.uasset" 580
"../../../Engine/Plugins/Interchange/Runtime/Content/gltf/MaterialFunctions/MF_BaseColor.uexp" 581
"../../../Engine/Plugins/Interchange/Runtime/Content/gltf/MaterialFunctions/MF_DiffuseSpecGloss.uasset" 582
"../../../Engine/Plugins/Interchange/Runtime/Content/gltf/MaterialFunctions/MF_DiffuseSpecGloss.uexp" 583
"../../../Engine/Plugins/Interchange/Runtime/Content/gltf/Textures/T_White_Linear.uasset" 584
"../../../Engine/Plugins/Interchange/Runtime/Content/gltf/Textures/T_White_Linear.uexp" 585
"../../../Engine/Plugins/Interchange/Runtime/Content/gltf/MaterialFunctions/MF_MetallicRoughness.uasset" 586
"../../../Engine/Plugins/Interchange/Runtime/Content/gltf/MaterialFunctions/MF_MetallicRoughness.uexp" 587
"../../../Engine/Plugins/Interchange/Runtime/Content/gltf/MaterialFunctions/MF_Transmission.uasset" 588
"../../../Engine/Plugins/Interchange/Runtime/Content/gltf/MaterialFunctions/MF_Transmission.uexp" 589
"../../../Engine/Plugins/Interchange/Runtime/Content/gltf/MaterialFunctions/MF_Occlusion.uasset" 590
"../../../Engine/Plugins/Interchange/Runtime/Content/gltf/MaterialFunctions/MF_Occlusion.uexp" 591
"../../../Engine/Plugins/Interchange/Runtime/Content/gltf/MaterialFunctions/MF_Specular.uasset" 592
"../../../Engine/Plugins/Interchange/Runtime/Content/gltf/MaterialFunctions/MF_Specular.uexp" 593
"../../../Engine/Plugins/Interchange/Runtime/Content/gltf/MaterialFunctions/MF_IOR.uasset" 594
"../../../Engine/Plugins/Interchange/Runtime/Content/gltf/MaterialFunctions/MF_IOR.uexp" 595
"../../../Engine/Content/Functions/Engine_MaterialFunctions01/Texturing/FlattenNormal.uasset" 596
"../../../Engine/Content/Functions/Engine_MaterialFunctions01/Texturing/FlattenNormal.uexp" 597
"../../../Engine/Content/Functions/Engine_MaterialFunctions02/Math/Transform3x3Matrix.uasset" 598
"../../../Engine/Content/Functions/Engine_MaterialFunctions02/Math/Transform3x3Matrix.uexp" 599
"../../../Engine/Plugins/Interchange/Runtime/Content/gltf/MaterialFunctions/MF_RotateNormals_TS.uasset" 600
"../../../Engine/Plugins/Interchange/Runtime/Content/gltf/MaterialFunctions/MF_RotateNormals_TS.uexp" 601
"../../../Engine/Plugins/Interchange/Runtime/Content/gltf/Textures/T_Generic_N.uasset" 602
"../../../Engine/Plugins/Interchange/Runtime/Content/gltf/Textures/T_Generic_N.uexp" 603
"../../../Engine/Plugins/Interchange/Runtime/Content/gltf/MaterialFunctions/MF_Normals.uasset" 604
"../../../Engine/Plugins/Interchange/Runtime/Content/gltf/MaterialFunctions/MF_Normals.uexp" 605
"../../../Engine/Plugins/Interchange/Runtime/Content/gltf/MaterialFunctions/MF_PerceivedBrightness.uasset" 606
"../../../Engine/Plugins/Interchange/Runtime/Content/gltf/MaterialFunctions/MF_PerceivedBrightness.uexp" 607
"../../../Engine/Plugins/Interchange/Runtime/Content/gltf/MaterialFunctions/MF_SpecGlossToMetalRoughness.uasset" 608
"../../../Engine/Plugins/Interchange/Runtime/Content/gltf/MaterialFunctions/MF_SpecGlossToMetalRoughness.uexp" 609
"../../../Engine/Plugins/Interchange/Runtime/Content/gltf/M_Transmission.uasset" 610
"../../../Engine/Plugins/Interchange/Runtime/Content/gltf/M_Transmission.uexp" 611
"../../../Engine/Plugins/Interchange/Runtime/Content/gltf/MaterialInstances_MR/MI_Transmission_TS.uasset" 612
"../../../Engine/Plugins/Interchange/Runtime/Content/gltf/MaterialInstances_MR/MI_Transmission_TS.uexp" 613
"../../../Engine/Plugins/Interchange/Runtime/Content/gltf/MaterialInstances_MR/MI_Transmission.uasset" 614
"../../../Engine/Plugins/Interchange/Runtime/Content/gltf/MaterialInstances_MR/MI_Transmission.uexp" 615
"../../../Engine/Plugins/Interchange/Runtime/Content/gltf/MaterialFunctions/MF_Clearcoat.uasset" 616
"../../../Engine/Plugins/Interchange/Runtime/Content/gltf/MaterialFunctions/MF_Clearcoat.uexp" 617
"../../../Engine/Plugins/Interchange/Runtime/Content/gltf/MaterialFunctions/MF_Emissive.uasset" 618
"../../../Engine/Plugins/Interchange/Runtime/Content/gltf/MaterialFunctions/MF_Emissive.uexp" 619
"../../../Engine/Plugins/Interchange/Runtime/Content/gltf/M_Translucent.uasset" 620
"../../../Engine/Plugins/Interchange/Runtime/Content/gltf/M_Translucent.uexp" 621
"../../../Engine/Plugins/Interchange/Runtime/Content/gltf/MaterialInstances_MR/MI_Translucent_TS.uasset" 622
"../../../Engine/Plugins/Interchange/Runtime/Content/gltf/MaterialInstances_MR/MI_Translucent_TS.uexp" 623
"../../../Engine/Plugins/Interchange/Runtime/Content/gltf/MaterialInstances_MR/MI_Translucent_ClearCoat_TS.uasset" 624
"../../../Engine/Plugins/Interchange/Runtime/Content/gltf/MaterialInstances_MR/MI_Translucent_ClearCoat_TS.uexp" 625
"../../../Engine/Plugins/Interchange/Runtime/Content/gltf/MaterialInstances_MR/MI_Translucent_ClearCoat.uasset" 626
"../../../Engine/Plugins/Interchange/Runtime/Content/gltf/MaterialInstances_MR/MI_Translucent_ClearCoat.uexp" 627
"../../../Engine/Plugins/Interchange/Runtime/Content/gltf/MaterialInstances_MR/MI_Translucent.uasset" 628
"../../../Engine/Plugins/Interchange/Runtime/Content/gltf/MaterialInstances_MR/MI_Translucent.uexp" 629
"../../../Engine/Plugins/Interchange/Runtime/Content/gltf/M_Unlit.uasset" 630
"../../../Engine/Plugins/Interchange/Runtime/Content/gltf/M_Unlit.uexp" 631
"../../../Engine/Plugins/Interchange/Runtime/Content/gltf/MaterialInstances_MR/MI_Opaque_Unlit_TS.uasset" 632
"../../../Engine/Plugins/Interchange/Runtime/Content/gltf/MaterialInstances_MR/MI_Opaque_Unlit_TS.uexp" 633
"../../../Engine/Plugins/Interchange/Runtime/Content/gltf/MaterialInstances_MR/MI_Opaque_Unlit.uasset" 634
"../../../Engine/Plugins/Interchange/Runtime/Content/gltf/MaterialInstances_MR/MI_Opaque_Unlit.uexp" 635
"../../../Engine/Plugins/Interchange/Runtime/Content/gltf/M_Opaque.uasset" 636
"../../../Engine/Plugins/Interchange/Runtime/Content/gltf/M_Opaque.uexp" 637
"../../../Engine/Plugins/Interchange/Runtime/Content/gltf/MaterialInstances_MR/MI_Opaque_TS.uasset" 638
"../../../Engine/Plugins/Interchange/Runtime/Content/gltf/MaterialInstances_MR/MI_Opaque_TS.uexp" 639
"../../../Engine/Plugins/Interchange/Runtime/Content/gltf/MaterialFunctions/MF_Sheen.uasset" 640
"../../../Engine/Plugins/Interchange/Runtime/Content/gltf/MaterialFunctions/MF_Sheen.uexp" 641
"../../../Engine/Content/Functions/Engine_MaterialFunctions01/Shading/FuzzyShading.uasset" 642
"../../../Engine/Content/Functions/Engine_MaterialFunctions01/Shading/FuzzyShading.uexp" 643
"../../../Engine/Plugins/Interchange/Runtime/Content/gltf/M_Sheen.uasset" 644
"../../../Engine/Plugins/Interchange/Runtime/Content/gltf/M_Sheen.uexp" 645
"../../../Engine/Plugins/Interchange/Runtime/Content/gltf/MaterialInstances_MR/MI_Opaque_Sheen_TS.uasset" 646
"../../../Engine/Plugins/Interchange/Runtime/Content/gltf/MaterialInstances_MR/MI_Opaque_Sheen_TS.uexp" 647
"../../../Engine/Plugins/Interchange/Runtime/Content/gltf/MaterialInstances_MR/MI_Opaque_Sheen.uasset" 648
"../../../Engine/Plugins/Interchange/Runtime/Content/gltf/MaterialInstances_MR/MI_Opaque_Sheen.uexp" 649
"../../../Engine/Plugins/Interchange/Runtime/Content/gltf/MaterialInstances_MR/MI_Opaque_ClearCoat_TS.uasset" 650
"../../../Engine/Plugins/Interchange/Runtime/Content/gltf/MaterialInstances_MR/MI_Opaque_ClearCoat_TS.uexp" 651
"../../../Engine/Plugins/Interchange/Runtime/Content/gltf/MaterialInstances_MR/MI_Opaque_ClearCoat.uasset" 652
"../../../Engine/Plugins/Interchange/Runtime/Content/gltf/MaterialInstances_MR/MI_Opaque_ClearCoat.uexp" 653
"../../../Engine/Plugins/Interchange/Runtime/Content/gltf/MaterialInstances_MR/MI_Opaque.uasset" 654
"../../../Engine/Plugins/Interchange/Runtime/Content/gltf/MaterialInstances_MR/MI_Opaque.uexp" 655
"../../../Engine/Plugins/Interchange/Runtime/Content/gltf/MaterialInstances_SG/MI_Transmission_TS.uasset" 656
"../../../Engine/Plugins/Interchange/Runtime/Content/gltf/MaterialInstances_SG/MI_Transmission_TS.uexp" 657
"../../../Engine/Plugins/Interchange/Runtime/Content/gltf/MaterialInstances_SG/MI_Transmission.uasset" 658
"../../../Engine/Plugins/Interchange/Runtime/Content/gltf/MaterialInstances_SG/MI_Transmission.uexp" 659
"../../../Engine/Plugins/Interchange/Runtime/Content/gltf/MaterialInstances_SG/MI_Translucent_TS.uasset" 660
"../../../Engine/Plugins/Interchange/Runtime/Content/gltf/MaterialInstances_SG/MI_Translucent_TS.uexp" 661
"../../../Engine/Plugins/Interchange/Runtime/Content/gltf/MaterialInstances_SG/MI_Translucent_ClearCoat_TS.uasset" 662
"../../../Engine/Plugins/Interchange/Runtime/Content/gltf/MaterialInstances_SG/MI_Translucent_ClearCoat_TS.uexp" 663
"../../../Engine/Plugins/Interchange/Runtime/Content/gltf/MaterialInstances_SG/MI_Translucent_ClearCoat.uasset" 664
"../../../Engine/Plugins/Interchange/Runtime/Content/gltf/MaterialInstances_SG/MI_Translucent_ClearCoat.uexp" 665
"../../../Engine/Plugins/Interchange/Runtime/Content/gltf/MaterialInstances_SG/MI_Translucent.uasset" 666
"../../../Engine/Plugins/Interchange/Runtime/Content/gltf/MaterialInstances_SG/MI_Translucent.uexp" 667
"../../../Engine/Plugins/Interchange/Runtime/Content/gltf/MaterialInstances_SG/MI_Opaque_TS.uasset" 668
"../../../Engine/Plugins/Interchange/Runtime/Content/gltf/MaterialInstances_SG/MI_Opaque_TS.uexp" 669
"../../../Engine/Plugins/Interchange/Runtime/Content/gltf/MaterialInstances_SG/MI_Opaque_Sheen_TS.uasset" 670
"../../../Engine/Plugins/Interchange/Runtime/Content/gltf/MaterialInstances_SG/MI_Opaque_Sheen_TS.uexp" 671
"../../../Engine/Plugins/Interchange/Runtime/Content/gltf/MaterialInstances_SG/MI_Opaque_Sheen.uasset" 672
"../../../Engine/Plugins/Interchange/Runtime/Content/gltf/MaterialInstances_SG/MI_Opaque_Sheen.uexp" 673
"../../../Engine/Plugins/Interchange/Runtime/Content/gltf/MaterialInstances_SG/MI_Opaque_ClearCoat_TS.uasset" 674
"../../../Engine/Plugins/Interchange/Runtime/Content/gltf/MaterialInstances_SG/MI_Opaque_ClearCoat_TS.uexp" 675
"../../../Engine/Plugins/Interchange/Runtime/Content/gltf/MaterialInstances_SG/MI_Opaque_ClearCoat.uasset" 676
"../../../Engine/Plugins/Interchange/Runtime/Content/gltf/MaterialInstances_SG/MI_Opaque_ClearCoat.uexp" 677
"../../../Engine/Plugins/Interchange/Runtime/Content/gltf/MaterialInstances_SG/MI_Opaque.uasset" 678
"../../../Engine/Plugins/Interchange/Runtime/Content/gltf/MaterialInstances_SG/MI_Opaque.uexp" 679
"../../../Engine/Plugins/Interchange/Runtime/Content/gltf/Textures/T_Gray_Linear.uasset" 680
"../../../Engine/Plugins/Interchange/Runtime/Content/gltf/Textures/T_Gray_Linear.uexp" 681
"../../../Engine/Plugins/Interchange/Runtime/Content/gltf/Textures/T_Black_srgb.uasset" 682
"../../../Engine/Plugins/Interchange/Runtime/Content/gltf/Textures/T_Black_srgb.uexp" 683
"../../../Engine/Plugins/Interchange/Runtime/Content/Materials/UnlitMaterial.uasset" 684
"../../../Engine/Plugins/Interchange/Runtime/Content/Materials/UnlitMaterial.uexp" 685
"../../../Engine/Content/EngineMaterials/DefaultNormal.ubulk" 686
"../../../Engine/Content/EngineMaterials/DefaultNormal.uasset" 687
"../../../Engine/Content/EngineMaterials/DefaultNormal.uexp" 688
"../../../Engine/Plugins/Interchange/Runtime/Content/Materials/MapOrScalarFunction.uasset" 689
"../../../Engine/Plugins/Interchange/Runtime/Content/Materials/MapOrScalarFunction.uexp" 690
"../../../Engine/Plugins/Interchange/Runtime/Content/Materials/MapOrLinearColorFunction.uasset" 691
"../../../Engine/Plugins/Interchange/Runtime/Content/Materials/MapOrLinearColorFunction.uexp" 692
"../../../Engine/Plugins/Interchange/Runtime/Content/Materials/MapOrColorFunction.uasset" 693
"../../../Engine/Plugins/Interchange/Runtime/Content/Materials/MapOrColorFunction.uexp" 694
"../../../Engine/Plugins/Interchange/Runtime/Content/Materials/CommonMaterial.uasset" 695
"../../../Engine/Plugins/Interchange/Runtime/Content/Materials/CommonMaterial.uexp" 696
"../../../Engine/Plugins/Interchange/Runtime/Content/Materials/PBRSurfaceFunction.uasset" 697
"../../../Engine/Plugins/Interchange/Runtime/Content/Materials/PBRSurfaceFunction.uexp" 698
"../../../Engine/Plugins/Interchange/Runtime/Content/Materials/ThinTranslucentMaterial.uasset" 699
"../../../Engine/Plugins/Interchange/Runtime/Content/Materials/ThinTranslucentMaterial.uexp" 700
"../../../Engine/Plugins/Interchange/Runtime/Content/Materials/SubsurfaceMaterial.uasset" 701
"../../../Engine/Plugins/Interchange/Runtime/Content/Materials/SubsurfaceMaterial.uexp" 702
"../../../Engine/Plugins/Interchange/Runtime/Content/Materials/SheenMaterial.uasset" 703
"../../../Engine/Plugins/Interchange/Runtime/Content/Materials/SheenMaterial.uexp" 704
"../../../Engine/Content/Functions/Engine_MaterialFunctions01/Shading/ConvertFromDiffSpec.uasset" 705
"../../../Engine/Content/Functions/Engine_MaterialFunctions01/Shading/ConvertFromDiffSpec.uexp" 706
"../../../Engine/Plugins/Interchange/Runtime/Content/Materials/PhongSurfaceMaterial.uasset" 707
"../../../Engine/Plugins/Interchange/Runtime/Content/Materials/PhongSurfaceMaterial.uexp" 708
"../../../Engine/Plugins/Interchange/Runtime/Content/Materials/PBRSurfaceMaterial.uasset" 709
"../../../Engine/Plugins/Interchange/Runtime/Content/Materials/PBRSurfaceMaterial.uexp" 710
"../../../Engine/Content/EngineMaterials/FlatNormal.uasset" 711
"../../../Engine/Content/EngineMaterials/FlatNormal.uexp" 712
"../../../Engine/Content/EditorLandscapeResources/WhiteSquareTexture.uasset" 713
"../../../Engine/Content/EditorLandscapeResources/WhiteSquareTexture.uexp" 714
"../../../Engine/Plugins/Interchange/Runtime/Content/Materials/OrenNayerMaterial.uasset" 715
"../../../Engine/Plugins/Interchange/Runtime/Content/Materials/OrenNayerMaterial.uexp" 716
"../../../Engine/Plugins/Interchange/Runtime/Content/Materials/LambertSurfaceMaterial.uasset" 717
"../../../Engine/Plugins/Interchange/Runtime/Content/Materials/LambertSurfaceMaterial.uexp" 718
"../../../Engine/Plugins/Interchange/Runtime/Content/Materials/ClearCoatMaterial.uasset" 719
"../../../Engine/Plugins/Interchange/Runtime/Content/Materials/ClearCoatMaterial.uexp" 720
"../../../Engine/Plugins/Interchange/Runtime/Content/Pipelines/DefaultTexturePipeline.uasset" 721
"../../../Engine/Plugins/Interchange/Runtime/Content/Pipelines/DefaultTexturePipeline.uexp" 722
"../../../Engine/Plugins/Interchange/Runtime/Content/Pipelines/DefaultSceneLevelPipeline.uasset" 723
"../../../Engine/Plugins/Interchange/Runtime/Content/Pipelines/DefaultSceneLevelPipeline.uexp" 724
"../../../Engine/Plugins/Interchange/Runtime/Content/Pipelines/DefaultSceneAssetsPipeline.uasset" 725
"../../../Engine/Plugins/Interchange/Runtime/Content/Pipelines/DefaultSceneAssetsPipeline.uexp" 726
"../../../Engine/Plugins/Interchange/Runtime/Content/Pipelines/DefaultMaterialPipeline.uasset" 727
"../../../Engine/Plugins/Interchange/Runtime/Content/Pipelines/DefaultMaterialPipeline.uexp" 728
"../../../Engine/Plugins/Interchange/Runtime/Content/Pipelines/DefaultAssetsPipeline.uasset" 729
"../../../Engine/Plugins/Interchange/Runtime/Content/Pipelines/DefaultAssetsPipeline.uexp" 730
"../../../Engine/Plugins/Runtime/MeshModelingToolset/Content/Materials/M_DynamicMeshComponentVtxColor.uasset" 731
"../../../Engine/Plugins/Runtime/MeshModelingToolset/Content/Materials/M_DynamicMeshComponentVtxColor.uexp" 732
"../../../Engine/Content/Maps/Entry_BuiltData.uasset" 733
"../../../Engine/Content/Maps/Entry_BuiltData.uexp" 734
"../../../Engine/Content/Maps/Entry.uexp" 735
"../../../Engine/Content/Maps/Entry.umap" 736
"../../../Engine/Content/BasicShapes/Plane.ubulk" 737
"../../../Engine/Content/BasicShapes/Plane.uasset" 738
"../../../Engine/Content/BasicShapes/Plane.uexp" 739
"J:/GGJ/GGJUA/Content/Level__/lambert1.uasset" 740
"J:/GGJ/GGJUA/Content/Level__/lambert1.uexp" 741
"../../../Engine/Content/EngineSky/T_Sky_Stars.ubulk" 742
"../../../Engine/Content/EngineSky/T_Sky_Stars.uasset" 743
"../../../Engine/Content/EngineSky/T_Sky_Stars.uexp" 744
"../../../Engine/Content/EngineSky/T_Sky_Clouds_M.ubulk" 745
"../../../Engine/Content/EngineSky/T_Sky_Clouds_M.uasset" 746
"../../../Engine/Content/EngineSky/T_Sky_Clouds_M.uexp" 747
"../../../Engine/Content/EngineSky/T_Sky_Blue.ubulk" 748
"../../../Engine/Content/EngineSky/T_Sky_Blue.uasset" 749
"../../../Engine/Content/EngineSky/T_Sky_Blue.uexp" 750
"../../../Engine/Content/EngineSky/M_Sky_Panning_Clouds2.uasset" 751
"../../../Engine/Content/EngineSky/M_Sky_Panning_Clouds2.uexp" 752
"../../../Engine/Content/EngineSky/SM_SkySphere.ubulk" 753
"../../../Engine/Content/EngineSky/SM_SkySphere.uasset" 754
"../../../Engine/Content/EngineSky/SM_SkySphere.uexp" 755
"J:/GGJ/GGJUA/Content/Blueprints/Allies/Hammer/Mesh/1lvlunit_PhysicsAsset.uasset" 756
"J:/GGJ/GGJUA/Content/Blueprints/Allies/Hammer/Mesh/1lvlunit_PhysicsAsset.uexp" 757
"J:/GGJ/GGJUA/Content/Blueprints/Allies/Hammer/Texture/1lvlunit_test_lambert1_Emissive.ubulk" 758
"J:/GGJ/GGJUA/Content/Blueprints/Allies/Hammer/Texture/1lvlunit_test_lambert1_Emissive.uasset" 759
"J:/GGJ/GGJUA/Content/Blueprints/Allies/Hammer/Texture/1lvlunit_test_lambert1_Emissive.uexp" 760
"J:/GGJ/GGJUA/Content/Blueprints/Allies/Hammer/Texture/Hummer_BaseColor.ubulk" 761
"J:/GGJ/GGJUA/Content/Blueprints/Allies/Hammer/Texture/Hummer_BaseColor.uasset" 762
"J:/GGJ/GGJUA/Content/Blueprints/Allies/Hammer/Texture/Hummer_BaseColor.uexp" 763
"J:/GGJ/GGJUA/Content/Blueprints/Allies/Hammer/Materials/Material_001.uasset" 764
"J:/GGJ/GGJUA/Content/Blueprints/Allies/Hammer/Materials/Material_001.uexp" 765
"J:/GGJ/GGJUA/Content/Blueprints/Allies/Hammer/Materials/lambert2.uasset" 766
"J:/GGJ/GGJUA/Content/Blueprints/Allies/Hammer/Materials/lambert2.uexp" 767
"J:/GGJ/GGJUA/Content/Blueprints/Allies/Hammer/Mesh/1lvlunit_Skeleton.uasset" 768
"J:/GGJ/GGJUA/Content/Blueprints/Allies/Hammer/Mesh/1lvlunit_Skeleton.uexp" 769
"J:/GGJ/GGJUA/Content/Blueprints/Allies/Hammer/Materials/lambert1_001.uasset" 770
"J:/GGJ/GGJUA/Content/Blueprints/Allies/Hammer/Materials/lambert1_001.uexp" 771
"J:/GGJ/GGJUA/Content/Blueprints/Allies/Hammer/Mesh/SK_Hammer.uasset" 772
"J:/GGJ/GGJUA/Content/Blueprints/Allies/Hammer/Mesh/SK_Hammer.uexp" 773
"J:/GGJ/GGJUA/Content/Blueprints/Allies/Wizard/Mesh/2lvlunit_Skeleton.uasset" 774
"J:/GGJ/GGJUA/Content/Blueprints/Allies/Wizard/Mesh/2lvlunit_Skeleton.uexp" 775
"J:/GGJ/GGJUA/Content/Blueprints/Allies/Wizard/Texture/Magicion_BaseColor.ubulk" 776
"J:/GGJ/GGJUA/Content/Blueprints/Allies/Wizard/Texture/Magicion_BaseColor.uasset" 777
"J:/GGJ/GGJUA/Content/Blueprints/Allies/Wizard/Texture/Magicion_BaseColor.uexp" 778
"J:/GGJ/GGJUA/Content/Blueprints/Allies/Wizard/Texture/Magicion_Roughness.ubulk" 779
"J:/GGJ/GGJUA/Content/Blueprints/Allies/Wizard/Texture/Magicion_Roughness.uasset" 780
"J:/GGJ/GGJUA/Content/Blueprints/Allies/Wizard/Texture/Magicion_Roughness.uexp" 781
"J:/GGJ/GGJUA/Content/Blueprints/Allies/Wizard/Materials/M_mat2.uasset" 782
"J:/GGJ/GGJUA/Content/Blueprints/Allies/Wizard/Materials/M_mat2.uexp" 783
"J:/GGJ/GGJUA/Content/Blueprints/Allies/Wizard/Mesh/2lvlunit_PhysicsAsset.uasset" 784
"J:/GGJ/GGJUA/Content/Blueprints/Allies/Wizard/Mesh/2lvlunit_PhysicsAsset.uexp" 785
"J:/GGJ/GGJUA/Content/Blueprints/Allies/Wizard/Materials/M_mat1.uasset" 786
"J:/GGJ/GGJUA/Content/Blueprints/Allies/Wizard/Materials/M_mat1.uexp" 787
"J:/GGJ/GGJUA/Content/Blueprints/Allies/Wizard/Texture/Magicion_Emissive.ubulk" 788
"J:/GGJ/GGJUA/Content/Blueprints/Allies/Wizard/Texture/Magicion_Emissive.uasset" 789
"J:/GGJ/GGJUA/Content/Blueprints/Allies/Wizard/Texture/Magicion_Emissive.uexp" 790
"J:/GGJ/GGJUA/Content/Blueprints/Allies/Wizard/Materials/M_mat3.uasset" 791
"J:/GGJ/GGJUA/Content/Blueprints/Allies/Wizard/Materials/M_mat3.uexp" 792
"J:/GGJ/GGJUA/Content/Blueprints/Allies/Wizard/Mesh/SK_Wizard.uasset" 793
"J:/GGJ/GGJUA/Content/Blueprints/Allies/Wizard/Mesh/SK_Wizard.uexp" 794
"../../../Engine/Content/BasicShapes/Cube.ubulk" 795
"../../../Engine/Content/BasicShapes/Cube.uasset" 796
"../../../Engine/Content/BasicShapes/Cube.uexp" 797
"J:/GGJ/GGJUA/Content/AI/Tasks/BTTask_MoveToLocationMelee.uasset" 798
"J:/GGJ/GGJUA/Content/AI/Tasks/BTTask_MoveToLocationMelee.uexp" 799
"J:/GGJ/GGJUA/Content/AI/Tasks/BTTask_MoveToLocationRange.uasset" 800
"J:/GGJ/GGJUA/Content/AI/Tasks/BTTask_MoveToLocationRange.uexp" 801
"J:/GGJ/GGJUA/Content/AI/Tasks/BTService_UpdateTargetLocation.uasset" 802
"J:/GGJ/GGJUA/Content/AI/Tasks/BTService_UpdateTargetLocation.uexp" 803
"J:/GGJ/GGJUA/Content/AI/BT/BlackBoards/BB_Wizard.uasset" 804
"J:/GGJ/GGJUA/Content/AI/BT/BlackBoards/BB_Wizard.uexp" 805
"../../../Engine/Content/EditorBlueprintResources/StandardMacros.uasset" 806
"../../../Engine/Content/EditorBlueprintResources/StandardMacros.uexp" 807
"J:/GGJ/GGJUA/Content/AI/Tasks/BTTask_SearchForTargets_Ally.uasset" 808
"J:/GGJ/GGJUA/Content/AI/Tasks/BTTask_SearchForTargets_Ally.uexp" 809
"../../../Engine/Content/Animation/DefaultAnimCurveCompressionSettings.uasset" 810
"../../../Engine/Content/Animation/DefaultAnimCurveCompressionSettings.uexp" 811
"../../../Engine/Content/Animation/DefaultAnimBoneCompressionSettings.uasset" 812
"../../../Engine/Content/Animation/DefaultAnimBoneCompressionSettings.uexp" 813
"J:/GGJ/GGJUA/Content/Blueprints/Allies/Hammer/Animations/AS_HammerRun.uasset" 814
"J:/GGJ/GGJUA/Content/Blueprints/Allies/Hammer/Animations/AS_HammerRun.uexp" 815
"J:/GGJ/GGJUA/Content/Blueprints/Allies/Hammer/Animations/AS_HammerIdle.uasset" 816
"J:/GGJ/GGJUA/Content/Blueprints/Allies/Hammer/Animations/AS_HammerIdle.uexp" 817
"J:/GGJ/GGJUA/Content/Blueprints/Allies/Hammer/Animations/BS_IdleRun.uasset" 818
"J:/GGJ/GGJUA/Content/Blueprints/Allies/Hammer/Animations/BS_IdleRun.uexp" 819
"J:/GGJ/GGJUA/Content/Blueprints/Allies/Hammer/ABP_Hammer.uasset" 820
"J:/GGJ/GGJUA/Content/Blueprints/Allies/Hammer/ABP_Hammer.uexp" 821
"J:/GGJ/GGJUA/Content/AI/Tasks/BTTask_Attack.uasset" 822
"J:/GGJ/GGJUA/Content/AI/Tasks/BTTask_Attack.uexp" 823
"J:/GGJ/GGJUA/Content/AI/Tasks/BTService_UpdateGatherLocation.uasset" 824
"J:/GGJ/GGJUA/Content/AI/Tasks/BTService_UpdateGatherLocation.uexp" 825
"J:/GGJ/GGJUA/Content/AI/Decorators/BTDecorator_IsTrue.uasset" 826
"J:/GGJ/GGJUA/Content/AI/Decorators/BTDecorator_IsTrue.uexp" 827
"J:/GGJ/GGJUA/Content/AI/Tasks/BTTask_UpdateLocationBasedOnTarget.uasset" 828
"J:/GGJ/GGJUA/Content/AI/Tasks/BTTask_UpdateLocationBasedOnTarget.uexp" 829
"J:/GGJ/GGJUA/Content/AI/BT/BT_Wizard.uasset" 830
"J:/GGJ/GGJUA/Content/AI/BT/BT_Wizard.uexp" 831
"J:/GGJ/GGJUA/Content/AI/Controllers/AIC_Wizard.uasset" 832
"J:/GGJ/GGJUA/Content/AI/Controllers/AIC_Wizard.uexp" 833
"J:/GGJ/GGJUA/Content/Blueprints/Allies/Wizard/Anims/AS_WizardHit.uasset" 834
"J:/GGJ/GGJUA/Content/Blueprints/Allies/Wizard/Anims/AS_WizardHit.uexp" 835
"J:/GGJ/GGJUA/Content/Blueprints/Allies/Wizard/Anims/AM_WizardHit.uasset" 836
"J:/GGJ/GGJUA/Content/Blueprints/Allies/Wizard/Anims/AM_WizardHit.uexp" 837
"J:/GGJ/GGJUA/Content/Blueprints/Allies/Wizard/Anims/AS_WizardAttack.uasset" 838
"J:/GGJ/GGJUA/Content/Blueprints/Allies/Wizard/Anims/AS_WizardAttack.uexp" 839
"J:/GGJ/GGJUA/Content/Blueprints/Allies/Wizard/BP_WizardProjectile.uasset" 840
"J:/GGJ/GGJUA/Content/Blueprints/Allies/Wizard/BP_WizardProjectile.uexp" 841
"J:/GGJ/GGJUA/Content/SFX/SC_SFX.uasset" 842
"J:/GGJ/GGJUA/Content/SFX/SC_SFX.uexp" 843
"J:/GGJ/GGJUA/Content/SFX/cast_spell.ubulk" 844
"J:/GGJ/GGJUA/Content/SFX/cast_spell.uasset" 845
"J:/GGJ/GGJUA/Content/SFX/cast_spell.uexp" 846
"J:/GGJ/GGJUA/Content/Blueprints/Allies/Wizard/Anims/AN_SpawnWizardProjectile.uasset" 847
"J:/GGJ/GGJUA/Content/Blueprints/Allies/Wizard/Anims/AN_SpawnWizardProjectile.uexp" 848
"J:/GGJ/GGJUA/Content/Blueprints/Allies/Wizard/Anims/AM_WizardAttack.uasset" 849
"J:/GGJ/GGJUA/Content/Blueprints/Allies/Wizard/Anims/AM_WizardAttack.uexp" 850
"J:/GGJ/GGJUA/Content/Blueprints/Allies/Wizard/Anims/AS_WizardRun.uasset" 851
"J:/GGJ/GGJUA/Content/Blueprints/Allies/Wizard/Anims/AS_WizardRun.uexp" 852
"J:/GGJ/GGJUA/Content/Blueprints/Allies/Wizard/Anims/AS_WizardIdle.uasset" 853
"J:/GGJ/GGJUA/Content/Blueprints/Allies/Wizard/Anims/AS_WizardIdle.uexp" 854
"J:/GGJ/GGJUA/Content/Blueprints/Allies/Wizard/Anims/AS_IdleRun.uasset" 855
"J:/GGJ/GGJUA/Content/Blueprints/Allies/Wizard/Anims/AS_IdleRun.uexp" 856
"J:/GGJ/GGJUA/Content/Blueprints/Allies/Wizard/ABP_Wizard.uasset" 857
"J:/GGJ/GGJUA/Content/Blueprints/Allies/Wizard/ABP_Wizard.uexp" 858
"J:/GGJ/GGJUA/Content/SFX/Hit.ubulk" 859
"J:/GGJ/GGJUA/Content/SFX/Hit.uasset" 860
"J:/GGJ/GGJUA/Content/SFX/Hit.uexp" 861
"J:/GGJ/GGJUA/Content/UI/W_UnitHPBar.uasset" 862
"J:/GGJ/GGJUA/Content/UI/W_UnitHPBar.uexp" 863
"J:/GGJ/GGJUA/Content/SFX/the_appearance_of_an_ally.ubulk" 864
"J:/GGJ/GGJUA/Content/SFX/the_appearance_of_an_ally.uasset" 865
"J:/GGJ/GGJUA/Content/SFX/the_appearance_of_an_ally.uexp" 866
"J:/GGJ/GGJUA/Content/Blueprints/Allies/Wizard/BP_Wizard.uasset" 867
"J:/GGJ/GGJUA/Content/Blueprints/Allies/Wizard/BP_Wizard.uexp" 868
"J:/GGJ/GGJUA/Content/UI/Font/TreeFont.uexp" 869
"J:/GGJ/GGJUA/Content/UI/Font/TreeFont.uasset" 870
"J:/GGJ/GGJUA/Content/UI/Font/TreeFont.ufont" 871
"J:/GGJ/GGJUA/Content/UI/Font/HangingTreeStaggeredItalic-oww3x_Font.uasset" 872
"J:/GGJ/GGJUA/Content/UI/Font/HangingTreeStaggeredItalic-oww3x_Font.uexp" 873
"J:/GGJ/GGJUA/Content/UI/W_NotEnoughResources.uasset" 874
"J:/GGJ/GGJUA/Content/UI/W_NotEnoughResources.uexp" 875
"J:/GGJ/GGJUA/Content/SFX/Attack_1.ubulk" 876
"J:/GGJ/GGJUA/Content/SFX/Attack_1.uasset" 877
"J:/GGJ/GGJUA/Content/SFX/Attack_1.uexp" 878
"J:/GGJ/GGJUA/Content/SFX/Attack_2.ubulk" 879
"J:/GGJ/GGJUA/Content/SFX/Attack_2.uasset" 880
"J:/GGJ/GGJUA/Content/SFX/Attack_2.uexp" 881
"J:/GGJ/GGJUA/Content/SFX/Attack_3.ubulk" 882
"J:/GGJ/GGJUA/Content/SFX/Attack_3.uasset" 883
"J:/GGJ/GGJUA/Content/SFX/Attack_3.uexp" 884
"J:/GGJ/GGJUA/Content/SFX/SC_HammerAttack.uasset" 885
"J:/GGJ/GGJUA/Content/SFX/SC_HammerAttack.uexp" 886
"J:/GGJ/GGJUA/Content/AI/BT/BlackBoards/BB_Hammer.uasset" 887
"J:/GGJ/GGJUA/Content/AI/BT/BlackBoards/BB_Hammer.uexp" 888
"J:/GGJ/GGJUA/Content/AI/BT/BT_Hammer.uasset" 889
"J:/GGJ/GGJUA/Content/AI/BT/BT_Hammer.uexp" 890
"J:/GGJ/GGJUA/Content/AI/Controllers/AIC_Hammer.uasset" 891
"J:/GGJ/GGJUA/Content/AI/Controllers/AIC_Hammer.uexp" 892
"J:/GGJ/GGJUA/Content/Blueprints/Allies/Hammer/Animations/AS_HammerHit.uasset" 893
"J:/GGJ/GGJUA/Content/Blueprints/Allies/Hammer/Animations/AS_HammerHit.uexp" 894
"J:/GGJ/GGJUA/Content/Blueprints/Allies/Hammer/Animations/AM_HammerHit.uasset" 895
"J:/GGJ/GGJUA/Content/Blueprints/Allies/Hammer/Animations/AM_HammerHit.uexp" 896
"J:/GGJ/GGJUA/Content/Blueprints/Allies/Hammer/Animations/AS_HammerAtatck.uasset" 897
"J:/GGJ/GGJUA/Content/Blueprints/Allies/Hammer/Animations/AS_HammerAtatck.uexp" 898
"J:/GGJ/GGJUA/Content/Blueprints/Allies/Hammer/Animations/Notifies/AN_ActivateCollisions.uasset" 899
"J:/GGJ/GGJUA/Content/Blueprints/Allies/Hammer/Animations/Notifies/AN_ActivateCollisions.uexp" 900
"J:/GGJ/GGJUA/Content/Blueprints/Allies/Hammer/Animations/AM_HammerAtatck.uasset" 901
"J:/GGJ/GGJUA/Content/Blueprints/Allies/Hammer/Animations/AM_HammerAtatck.uexp" 902
"J:/GGJ/GGJUA/Content/Blueprints/Allies/Hammer/BP_Hammer.uasset" 903
"J:/GGJ/GGJUA/Content/Blueprints/Allies/Hammer/BP_Hammer.uexp" 904
"J:/GGJ/GGJUA/Content/LevelPrototyping/Textures/T_GridChecker_A.ubulk" 905
"J:/GGJ/GGJUA/Content/LevelPrototyping/Textures/T_GridChecker_A.uasset" 906
"J:/GGJ/GGJUA/Content/LevelPrototyping/Textures/T_GridChecker_A.uexp" 907
"../../../Engine/Content/Functions/Engine_MaterialFunctions01/Gradient/LinearGradient.uasset" 908
"../../../Engine/Content/Functions/Engine_MaterialFunctions01/Gradient/LinearGradient.uexp" 909
"../../../Engine/Content/Functions/Engine_MaterialFunctions01/ImageAdjustment/CheapContrast.uasset" 910
"../../../Engine/Content/Functions/Engine_MaterialFunctions01/ImageAdjustment/CheapContrast.uexp" 911
"J:/GGJ/GGJUA/Content/LevelPrototyping/Materials/MF_ProcGrid.uasset" 912
"J:/GGJ/GGJUA/Content/LevelPrototyping/Materials/MF_ProcGrid.uexp" 913
"J:/GGJ/GGJUA/Content/LevelPrototyping/Materials/M_PrototypeGrid.uasset" 914
"J:/GGJ/GGJUA/Content/LevelPrototyping/Materials/M_PrototypeGrid.uexp" 915
"J:/GGJ/GGJUA/Content/LevelPrototyping/Materials/MI_PrototypeGrid_Gray.uasset" 916
"J:/GGJ/GGJUA/Content/LevelPrototyping/Materials/MI_PrototypeGrid_Gray.uexp" 917
"J:/GGJ/GGJUA/Content/LevelPrototyping/Meshes/SM_Cylinder.ubulk" 918
"J:/GGJ/GGJUA/Content/LevelPrototyping/Meshes/SM_Cylinder.uasset" 919
"J:/GGJ/GGJUA/Content/LevelPrototyping/Meshes/SM_Cylinder.uexp" 920
"J:/GGJ/GGJUA/Content/LevelPrototyping/Meshes/SM_Cube.ubulk" 921
"J:/GGJ/GGJUA/Content/LevelPrototyping/Meshes/SM_Cube.uasset" 922
"J:/GGJ/GGJUA/Content/LevelPrototyping/Meshes/SM_Cube.uexp" 923
"J:/GGJ/GGJUA/Content/UI/W_TowerHPBar.uasset" 924
"J:/GGJ/GGJUA/Content/UI/W_TowerHPBar.uexp" 925
"J:/GGJ/GGJUA/Content/Blueprints/Towers/BP_BaseTree.uasset" 926
"J:/GGJ/GGJUA/Content/Blueprints/Towers/BP_BaseTree.uexp" 927
"J:/GGJ/GGJUA/Content/SFX/ability_recovery.ubulk" 928
"J:/GGJ/GGJUA/Content/SFX/ability_recovery.uasset" 929
"J:/GGJ/GGJUA/Content/SFX/ability_recovery.uexp" 930
"J:/GGJ/GGJUA/Content/SFX/EntAttack.ubulk" 931
"J:/GGJ/GGJUA/Content/SFX/EntAttack.uasset" 932
"J:/GGJ/GGJUA/Content/SFX/EntAttack.uexp" 933
"J:/GGJ/GGJUA/Content/Blueprints/CameraShakes/BP_TowerBuilt.uasset" 934
"J:/GGJ/GGJUA/Content/Blueprints/CameraShakes/BP_TowerBuilt.uexp" 935
"J:/GGJ/GGJUA/Content/LevelPrototyping/Materials/M_Solid.uasset" 936
"J:/GGJ/GGJUA/Content/LevelPrototyping/Materials/M_Solid.uexp" 937
"J:/GGJ/GGJUA/Content/LevelPrototyping/Materials/MI_Solid_Blue.uasset" 938
"J:/GGJ/GGJUA/Content/LevelPrototyping/Materials/MI_Solid_Blue.uexp" 939
"J:/GGJ/GGJUA/Content/SFX/capture_of_resources.ubulk" 940
"J:/GGJ/GGJUA/Content/SFX/capture_of_resources.uasset" 941
"J:/GGJ/GGJUA/Content/SFX/capture_of_resources.uexp" 942
"J:/GGJ/GGJUA/Content/Blueprints/Resource/BP_ResourcePlace.uasset" 943
"J:/GGJ/GGJUA/Content/Blueprints/Resource/BP_ResourcePlace.uexp" 944
"J:/GGJ/GGJUA/Content/Blueprints/Ent/Mesh/Ent_Skeleton.uasset" 945
"J:/GGJ/GGJUA/Content/Blueprints/Ent/Mesh/Ent_Skeleton.uexp" 946
"J:/GGJ/GGJUA/Content/Blueprints/Ent/Animations/AS_EntAbility.uasset" 947
"J:/GGJ/GGJUA/Content/Blueprints/Ent/Animations/AS_EntAbility.uexp" 948
"J:/GGJ/GGJUA/Content/Blueprints/Ent/Animations/AM_Ability.uasset" 949
"J:/GGJ/GGJUA/Content/Blueprints/Ent/Animations/AM_Ability.uexp" 950
"J:/GGJ/GGJUA/Content/Blueprints/Ent/Abiltiy/Ent_abil_PhysicsAsset.uasset" 951
"J:/GGJ/GGJUA/Content/Blueprints/Ent/Abiltiy/Ent_abil_PhysicsAsset.uexp" 952
"J:/GGJ/GGJUA/Content/Blueprints/Ent/Abiltiy/Ent_abil_Skeleton.uasset" 953
"J:/GGJ/GGJUA/Content/Blueprints/Ent/Abiltiy/Ent_abil_Skeleton.uexp" 954
"J:/GGJ/GGJUA/Content/Blueprints/Ent/Abiltiy/Roots_and_stump_Roughness.ubulk" 955
"J:/GGJ/GGJUA/Content/Blueprints/Ent/Abiltiy/Roots_and_stump_Roughness.uasset" 956
"J:/GGJ/GGJUA/Content/Blueprints/Ent/Abiltiy/Roots_and_stump_Roughness.uexp" 957
"J:/GGJ/GGJUA/Content/Blueprints/Ent/Abiltiy/Roots_and_stump_BaseColor.ubulk" 958
"J:/GGJ/GGJUA/Content/Blueprints/Ent/Abiltiy/Roots_and_stump_BaseColor.uasset" 959
"J:/GGJ/GGJUA/Content/Blueprints/Ent/Abiltiy/Roots_and_stump_BaseColor.uexp" 960
"J:/GGJ/GGJUA/Content/Blueprints/Ent/Abiltiy/M_Roots.uasset" 961
"J:/GGJ/GGJUA/Content/Blueprints/Ent/Abiltiy/M_Roots.uexp" 962
"J:/GGJ/GGJUA/Content/Blueprints/Ent/Abiltiy/SK_EntAbility.uasset" 963
"J:/GGJ/GGJUA/Content/Blueprints/Ent/Abiltiy/SK_EntAbility.uexp" 964
"J:/GGJ/GGJUA/Content/Blueprints/Ent/Abiltiy/ABP_EntAbility.uasset" 965
"J:/GGJ/GGJUA/Content/Blueprints/Ent/Abiltiy/ABP_EntAbility.uexp" 966
"J:/GGJ/GGJUA/Content/Blueprints/Ent/Abiltiy/BP_EntAbility.uasset" 967
"J:/GGJ/GGJUA/Content/Blueprints/Ent/Abiltiy/BP_EntAbility.uexp" 968
"J:/GGJ/GGJUA/Content/Blueprints/Ent/Abiltiy/AS_EntAbility.uasset" 969
"J:/GGJ/GGJUA/Content/Blueprints/Ent/Abiltiy/AS_EntAbility.uexp" 970
"J:/GGJ/GGJUA/Content/Blueprints/CameraShakes/BP_EntAbility.uasset" 971
"J:/GGJ/GGJUA/Content/Blueprints/CameraShakes/BP_EntAbility.uexp" 972
"J:/GGJ/GGJUA/Content/Blueprints/Player/DT_Stun.uasset" 973
"J:/GGJ/GGJUA/Content/Blueprints/Player/DT_Stun.uexp" 974
"J:/GGJ/GGJUA/Content/Blueprints/Ent/Abiltiy/AN_EntAbility.uasset" 975
"J:/GGJ/GGJUA/Content/Blueprints/Ent/Abiltiy/AN_EntAbility.uexp" 976
"J:/GGJ/GGJUA/Content/Blueprints/Ent/Abiltiy/AS_RootsAbility.uasset" 977
"J:/GGJ/GGJUA/Content/Blueprints/Ent/Abiltiy/AS_RootsAbility.uexp" 978
"J:/GGJ/GGJUA/Content/AI/Tasks/BTTask_SearchForTarget_Tree.uasset" 979
"J:/GGJ/GGJUA/Content/AI/Tasks/BTTask_SearchForTarget_Tree.uexp" 980
"J:/GGJ/GGJUA/Content/AI/BT/BlackBoards/BB_SingleShotTree.uasset" 981
"J:/GGJ/GGJUA/Content/AI/BT/BlackBoards/BB_SingleShotTree.uexp" 982
"J:/GGJ/GGJUA/Content/Blueprints/Towers/Projectiles/BP_BaseTreeProjectile.uasset" 983
"J:/GGJ/GGJUA/Content/Blueprints/Towers/Projectiles/BP_BaseTreeProjectile.uexp" 984
"J:/GGJ/GGJUA/Content/Blueprints/Towers/Projectiles/BP_SingleShotTowerProjectile.uasset" 985
"J:/GGJ/GGJUA/Content/Blueprints/Towers/Projectiles/BP_SingleShotTowerProjectile.uexp" 986
"J:/GGJ/GGJUA/Content/Blueprints/Towers/Projectiles/BP_AoETowerProjectile.uasset" 987
"J:/GGJ/GGJUA/Content/Blueprints/Towers/Projectiles/BP_AoETowerProjectile.uexp" 988
"J:/GGJ/GGJUA/Content/SFX/building_a_tower.ubulk" 989
"J:/GGJ/GGJUA/Content/SFX/building_a_tower.uasset" 990
"J:/GGJ/GGJUA/Content/SFX/building_a_tower.uexp" 991
"J:/GGJ/GGJUA/Content/SFX/destruction_of_a_wooden_tower.ubulk" 992
"J:/GGJ/GGJUA/Content/SFX/destruction_of_a_wooden_tower.uasset" 993
"J:/GGJ/GGJUA/Content/SFX/destruction_of_a_wooden_tower.uexp" 994
"J:/GGJ/GGJUA/Content/AI/BT/BlackBoards/BB_AoETree.uasset" 995
"J:/GGJ/GGJUA/Content/AI/BT/BlackBoards/BB_AoETree.uexp" 996
"J:/GGJ/GGJUA/Content/AI/BT/BT_AoETree.uasset" 997
"J:/GGJ/GGJUA/Content/AI/BT/BT_AoETree.uexp" 998
"J:/GGJ/GGJUA/Content/AI/Controllers/AIC_AoETree.uasset" 999
"J:/GGJ/GGJUA/Content/AI/Controllers/AIC_AoETree.uexp" 1000
"J:/GGJ/GGJUA/Content/LevelPrototyping/Meshes/SM_Ramp.ubulk" 1001
"J:/GGJ/GGJUA/Content/LevelPrototyping/Meshes/SM_Ramp.uasset" 1002
"J:/GGJ/GGJUA/Content/LevelPrototyping/Meshes/SM_Ramp.uexp" 1003
"J:/GGJ/GGJUA/Content/Blueprints/Towers/BP_AoEShotTree.uasset" 1004
"J:/GGJ/GGJUA/Content/Blueprints/Towers/BP_AoEShotTree.uexp" 1005
"J:/GGJ/GGJUA/Content/AI/Tasks/BTTask_Attack_Tree.uasset" 1006
"J:/GGJ/GGJUA/Content/AI/Tasks/BTTask_Attack_Tree.uexp" 1007
"J:/GGJ/GGJUA/Content/AI/BT/BT_SingleShotTree.uasset" 1008
"J:/GGJ/GGJUA/Content/AI/BT/BT_SingleShotTree.uexp" 1009
"J:/GGJ/GGJUA/Content/AI/Controllers/AIC_SingleShotTree.uasset" 1010
"J:/GGJ/GGJUA/Content/AI/Controllers/AIC_SingleShotTree.uexp" 1011
"J:/GGJ/GGJUA/Content/Blueprints/Towers/BP_SingleShotTree.uasset" 1012
"J:/GGJ/GGJUA/Content/Blueprints/Towers/BP_SingleShotTree.uexp" 1013
"J:/GGJ/GGJUA/Content/Blueprints/Player/BP_Player.uasset" 1014
"J:/GGJ/GGJUA/Content/Blueprints/Player/BP_Player.uexp" 1015
"../../../Engine/Content/EngineSky/M_SimpleSkyDome.uasset" 1016
"../../../Engine/Content/EngineSky/M_SimpleSkyDome.uexp" 1017
"J:/GGJ/GGJUA/Content/SFX/ButtonClick.ubulk" 1018
"J:/GGJ/GGJUA/Content/SFX/ButtonClick.uasset" 1019
"J:/GGJ/GGJUA/Content/SFX/ButtonClick.uexp" 1020
"J:/GGJ/GGJUA/Content/UI/W_MainMenu.uasset" 1021
"J:/GGJ/GGJUA/Content/UI/W_MainMenu.uexp" 1022
"J:/GGJ/GGJUA/Content/Blueprints/BP_GameModeMainMenu.uasset" 1023
"J:/GGJ/GGJUA/Content/Blueprints/BP_GameModeMainMenu.uexp" 1024
"J:/GGJ/GGJUA/Content/Maps/MainMenu.uexp" 1025
"J:/GGJ/GGJUA/Content/Maps/MainMenu.umap" 1026
"J:/GGJ/GGJUA/Content/Blueprints/Player/BP_PlayerController.uasset" 1027
"J:/GGJ/GGJUA/Content/Blueprints/Player/BP_PlayerController.uexp" 1028
"J:/GGJ/GGJUA/Content/Blueprints/Ent/Mesh/Ent_PhysicsAsset.uasset" 1029
"J:/GGJ/GGJUA/Content/Blueprints/Ent/Mesh/Ent_PhysicsAsset.uexp" 1030
"J:/GGJ/GGJUA/Content/Blueprints/Ent/Texture/Ent_Emissive.ubulk" 1031
"J:/GGJ/GGJUA/Content/Blueprints/Ent/Texture/Ent_Emissive.uasset" 1032
"J:/GGJ/GGJUA/Content/Blueprints/Ent/Texture/Ent_Emissive.uexp" 1033
"J:/GGJ/GGJUA/Content/Blueprints/Ent/Mesh/Mat_Emis.uasset" 1034
"J:/GGJ/GGJUA/Content/Blueprints/Ent/Mesh/Mat_Emis.uexp" 1035
"J:/GGJ/GGJUA/Content/Blueprints/Ent/Texture/Ent_BaseColor.ubulk" 1036
"J:/GGJ/GGJUA/Content/Blueprints/Ent/Texture/Ent_BaseColor.uasset" 1037
"J:/GGJ/GGJUA/Content/Blueprints/Ent/Texture/Ent_BaseColor.uexp" 1038
"J:/GGJ/GGJUA/Content/Blueprints/Ent/Texture/Ent_Roughness.ubulk" 1039
"J:/GGJ/GGJUA/Content/Blueprints/Ent/Texture/Ent_Roughness.uasset" 1040
"J:/GGJ/GGJUA/Content/Blueprints/Ent/Texture/Ent_Roughness.uexp" 1041
"J:/GGJ/GGJUA/Content/Blueprints/Ent/Mesh/Mat_CLR+R.uasset" 1042
"J:/GGJ/GGJUA/Content/Blueprints/Ent/Mesh/Mat_CLR+R.uexp" 1043
"J:/GGJ/GGJUA/Content/Blueprints/Ent/Mesh/SK_Ent.uasset" 1044
"J:/GGJ/GGJUA/Content/Blueprints/Ent/Mesh/SK_Ent.uexp" 1045
"J:/GGJ/GGJUA/Content/Blueprints/Ent/Animations/AS_Hit.uasset" 1046
"J:/GGJ/GGJUA/Content/Blueprints/Ent/Animations/AS_Hit.uexp" 1047
"J:/GGJ/GGJUA/Content/Blueprints/Ent/Animations/AM_Hit.uasset" 1048
"J:/GGJ/GGJUA/Content/Blueprints/Ent/Animations/AM_Hit.uexp" 1049
"J:/GGJ/GGJUA/Content/Blueprints/Ent/Animations/AS_EntIdle.uasset" 1050
"J:/GGJ/GGJUA/Content/Blueprints/Ent/Animations/AS_EntIdle.uexp" 1051
"J:/GGJ/GGJUA/Content/Blueprints/Ent/ABP_Ent.uasset" 1052
"J:/GGJ/GGJUA/Content/Blueprints/Ent/ABP_Ent.uexp" 1053
"J:/GGJ/GGJUA/Content/SFX/Lose.ubulk" 1054
"J:/GGJ/GGJUA/Content/SFX/Lose.uasset" 1055
"J:/GGJ/GGJUA/Content/SFX/Lose.uexp" 1056
"J:/GGJ/GGJUA/Content/UI/W_LoseScreen.uasset" 1057
"J:/GGJ/GGJUA/Content/UI/W_LoseScreen.uexp" 1058
"J:/GGJ/GGJUA/Content/Blueprints/Ent/BP_Ent.uasset" 1059
"J:/GGJ/GGJUA/Content/Blueprints/Ent/BP_Ent.uexp" 1060
"J:/GGJ/GGJUA/Content/SFX/SC_Music.uasset" 1061
"J:/GGJ/GGJUA/Content/SFX/SC_Music.uexp" 1062
"J:/GGJ/GGJUA/Content/SFX/MIX_Main.uasset" 1063
"J:/GGJ/GGJUA/Content/SFX/MIX_Main.uexp" 1064
"J:/GGJ/GGJUA/Content/Blueprints/BP_Save.uasset" 1065
"J:/GGJ/GGJUA/Content/Blueprints/BP_Save.uexp" 1066
"J:/GGJ/GGJUA/Content/UI/W_Settings.uasset" 1067
"J:/GGJ/GGJUA/Content/UI/W_Settings.uexp" 1068
"J:/GGJ/GGJUA/Content/UI/W_HUD.uasset" 1069
"J:/GGJ/GGJUA/Content/UI/W_HUD.uexp" 1070
"J:/GGJ/GGJUA/Content/Blueprints/BP_GameModeBase.uasset" 1071
"J:/GGJ/GGJUA/Content/Blueprints/BP_GameModeBase.uexp" 1072
"J:/GGJ/GGJUA/Content/SFX/Background.ubulk" 1073
"J:/GGJ/GGJUA/Content/SFX/Background.uasset" 1074
"J:/GGJ/GGJUA/Content/SFX/Background.uexp" 1075
"J:/GGJ/GGJUA/Content/Level__/Level_DefaultMaterial_BaseColor.ubulk" 1076
"J:/GGJ/GGJUA/Content/Level__/Level_DefaultMaterial_BaseColor.uasset" 1077
"J:/GGJ/GGJUA/Content/Level__/Level_DefaultMaterial_BaseColor.uexp" 1078
"J:/GGJ/GGJUA/Content/Level__/Level_DefaultMaterial_OcclusionRoughnessMetallic.ubulk" 1079
"J:/GGJ/GGJUA/Content/Level__/Level_DefaultMaterial_OcclusionRoughnessMetallic.uasset" 1080
"J:/GGJ/GGJUA/Content/Level__/Level_DefaultMaterial_OcclusionRoughnessMetallic.uexp" 1081
"J:/GGJ/GGJUA/Content/Level__/M_Level.uasset" 1082
"J:/GGJ/GGJUA/Content/Level__/M_Level.uexp" 1083
"J:/GGJ/GGJUA/Content/Level__/Level.ubulk" 1084
"J:/GGJ/GGJUA/Content/Level__/Level.uasset" 1085
"J:/GGJ/GGJUA/Content/Level__/Level.uexp" 1086
"J:/GGJ/GGJUA/Content/Maps/Level_Main.uexp" 1087
"J:/GGJ/GGJUA/Content/Maps/Level_Main.umap" 1088
